{"/home/atef/Desktop/interview_project/innoscripta-assignment/src/App.tsx": {"path":"/home/atef/Desktop/interview_project/innoscripta-assignment/src/App.tsx","statementMap":{"0":{"start":{"line":1,"column":0},"end":{"line":1,"column":39}},"1":{"start":{"line":3,"column":0},"end":{"line":3,"column":36}},"2":{"start":{"line":4,"column":0},"end":{"line":4,"column":44}},"3":{"start":{"line":7,"column":2},"end":{"line":11,"column":4}},"4":{"start":{"line":14,"column":0},"end":{"line":14,"column":19}}},"fnMap":{"0":{"name":"App","decl":{"start":{"line":6,"column":9},"end":{"line":6,"column":12}},"loc":{"start":{"line":6,"column":12},"end":{"line":12,"column":1}}}},"branchMap":{},"s":{"0":0,"1":0,"2":0,"3":0,"4":0},"f":{"0":0},"b":{}}
,"/home/atef/Desktop/interview_project/innoscripta-assignment/src/main.tsx": {"path":"/home/atef/Desktop/interview_project/innoscripta-assignment/src/main.tsx","statementMap":{"0":{"start":{"line":1,"column":0},"end":{"line":1,"column":35}},"1":{"start":{"line":2,"column":0},"end":{"line":2,"column":46}},"2":{"start":{"line":3,"column":0},"end":{"line":3,"column":28}},"3":{"start":{"line":4,"column":0},"end":{"line":4,"column":32}},"4":{"start":{"line":6,"column":0},"end":{"line":10,"column":2}}},"fnMap":{},"branchMap":{},"s":{"0":0,"1":0,"2":0,"3":0,"4":0},"f":{},"b":{}}
,"/home/atef/Desktop/interview_project/innoscripta-assignment/src/features/article-card/index.ts": {"path":"/home/atef/Desktop/interview_project/innoscripta-assignment/src/features/article-card/index.ts","statementMap":{"0":{"start":{"line":1,"column":0},"end":{"line":1,"column":9}},"1":{"start":{"line":1,"column":9},"end":{"line":1,"column":47}},"2":{"start":{"line":2,"column":0},"end":{"line":2,"column":9}},"3":{"start":{"line":2,"column":9},"end":{"line":2,"column":63}}},"fnMap":{"0":{"name":"(anonymous_0)","decl":{"start":{"line":1,"column":9},"end":{"line":1,"column":20}},"loc":{"start":{"line":1,"column":9},"end":{"line":1,"column":47}}},"1":{"name":"(anonymous_1)","decl":{"start":{"line":2,"column":9},"end":{"line":2,"column":28}},"loc":{"start":{"line":2,"column":9},"end":{"line":2,"column":63}}}},"branchMap":{},"s":{"0":0,"1":0,"2":0,"3":0},"f":{"0":0,"1":0},"b":{}}
,"/home/atef/Desktop/interview_project/innoscripta-assignment/src/features/article-card/ui/ArticleCard.tsx": {"path":"/home/atef/Desktop/interview_project/innoscripta-assignment/src/features/article-card/ui/ArticleCard.tsx","statementMap":{"0":{"start":{"line":7,"column":0},"end":{"line":7,"column":16}},"1":{"start":{"line":1,"column":0},"end":{"line":1,"column":34}},"2":{"start":{"line":2,"column":0},"end":{"line":2,"column":40}},"3":{"start":{"line":3,"column":0},"end":{"line":3,"column":68}},"4":{"start":{"line":4,"column":0},"end":{"line":4,"column":62}},"5":{"start":{"line":5,"column":0},"end":{"line":5,"column":76}},"6":{"start":{"line":12,"column":23},"end":{"line":12,"column":46}},"7":{"start":{"line":14,"column":4},"end":{"line":14,"column":320}},"8":{"start":{"line":17,"column":4},"end":{"line":17,"column":44}},"9":{"start":{"line":17,"column":37},"end":{"line":17,"column":44}},"10":{"start":{"line":18,"column":4},"end":{"line":18,"column":41}},"11":{"start":{"line":19,"column":4},"end":{"line":19,"column":27}},"12":{"start":{"line":20,"column":4},"end":{"line":24,"column":12}},"13":{"start":{"line":21,"column":6},"end":{"line":23,"column":7}},"14":{"start":{"line":22,"column":8},"end":{"line":22,"column":38}},"15":{"start":{"line":26,"column":19},"end":{"line":26,"column":35}},"16":{"start":{"line":28,"column":4},"end":{"line":28,"column":31}},"17":{"start":{"line":28,"column":24},"end":{"line":28,"column":30}},"18":{"start":{"line":30,"column":23},"end":{"line":34,"column":4}},"19":{"start":{"line":36,"column":21},"end":{"line":37,"column":66}},"20":{"start":{"line":37,"column":4},"end":{"line":37,"column":66}},"21":{"start":{"line":37,"column":45},"end":{"line":37,"column":65}},"22":{"start":{"line":39,"column":31},"end":{"line":45,"column":3}},"23":{"start":{"line":43,"column":4},"end":{"line":43,"column":23}},"24":{"start":{"line":44,"column":4},"end":{"line":44,"column":48}},"25":{"start":{"line":47,"column":22},"end":{"line":54,"column":null}},"26":{"start":{"line":48,"column":4},"end":{"line":54,"column":null}},"27":{"start":{"line":57,"column":2},"end":{"line":135,"column":4}},"28":{"start":{"line":68,"column":26},"end":{"line":68,"column":57}},"29":{"start":{"line":77,"column":28},"end":{"line":77,"column":59}},"30":{"start":{"line":83,"column":12},"end":{"line":84,"column":null}},"31":{"start":{"line":90,"column":16},"end":{"line":90,"column":73}}},"fnMap":{"0":{"name":"ArticleCard","decl":{"start":{"line":7,"column":16},"end":{"line":7,"column":27}},"loc":{"start":{"line":11,"column":19},"end":{"line":136,"column":1}}},"1":{"name":"handleImgError","decl":{"start":{"line":16,"column":11},"end":{"line":16,"column":25}},"loc":{"start":{"line":16,"column":47},"end":{"line":25,"column":3}}},"2":{"name":"(anonymous_2)","decl":{"start":{"line":20,"column":15},"end":{"line":20,"column":18}},"loc":{"start":{"line":20,"column":20},"end":{"line":24,"column":5}}},"3":{"name":"(anonymous_3)","decl":{"start":{"line":28,"column":19},"end":{"line":28,"column":20}},"loc":{"start":{"line":28,"column":24},"end":{"line":28,"column":30}}},"4":{"name":"(anonymous_4)","decl":{"start":{"line":36,"column":21},"end":{"line":36,"column":22}},"loc":{"start":{"line":37,"column":4},"end":{"line":37,"column":66}}},"5":{"name":"(anonymous_5)","decl":{"start":{"line":37,"column":28},"end":{"line":37,"column":29}},"loc":{"start":{"line":37,"column":45},"end":{"line":37,"column":65}}},"6":{"name":"(anonymous_6)","decl":{"start":{"line":39,"column":31},"end":{"line":39,"column":null}},"loc":{"start":{"line":42,"column":6},"end":{"line":45,"column":3}}},"7":{"name":"(anonymous_7)","decl":{"start":{"line":47,"column":22},"end":{"line":47,"column":23}},"loc":{"start":{"line":48,"column":4},"end":{"line":54,"column":null}}},"8":{"name":"(anonymous_8)","decl":{"start":{"line":68,"column":21},"end":{"line":68,"column":22}},"loc":{"start":{"line":68,"column":26},"end":{"line":68,"column":57}}},"9":{"name":"(anonymous_9)","decl":{"start":{"line":77,"column":23},"end":{"line":77,"column":24}},"loc":{"start":{"line":77,"column":28},"end":{"line":77,"column":59}}},"10":{"name":"(anonymous_10)","decl":{"start":{"line":82,"column":30},"end":{"line":82,"column":31}},"loc":{"start":{"line":83,"column":12},"end":{"line":84,"column":null}}},"11":{"name":"(anonymous_11)","decl":{"start":{"line":89,"column":23},"end":{"line":89,"column":24}},"loc":{"start":{"line":90,"column":16},"end":{"line":90,"column":73}}}},"branchMap":{"0":{"loc":{"start":{"line":17,"column":4},"end":{"line":17,"column":44}},"type":"if","locations":[{"start":{"line":17,"column":4},"end":{"line":17,"column":44}}]},"1":{"loc":{"start":{"line":21,"column":6},"end":{"line":23,"column":7}},"type":"if","locations":[{"start":{"line":21,"column":6},"end":{"line":23,"column":7}}]},"2":{"loc":{"start":{"line":21,"column":10},"end":{"line":21,"column":49}},"type":"binary-expr","locations":[{"start":{"line":21,"column":10},"end":{"line":21,"column":23}},{"start":{"line":21,"column":27},"end":{"line":21,"column":49}}]},"3":{"loc":{"start":{"line":50,"column":6},"end":{"line":54,"column":43}},"type":"cond-expr","locations":[{"start":{"line":51,"column":10},"end":{"line":51,"column":43}},{"start":{"line":52,"column":10},"end":{"line":54,"column":43}}]},"4":{"loc":{"start":{"line":52,"column":10},"end":{"line":54,"column":43}},"type":"cond-expr","locations":[{"start":{"line":53,"column":12},"end":{"line":53,"column":46}},{"start":{"line":54,"column":12},"end":{"line":54,"column":43}}]},"5":{"loc":{"start":{"line":59,"column":36},"end":{"line":59,"column":72}},"type":"binary-expr","locations":[{"start":{"line":59,"column":36},"end":{"line":59,"column":44}},{"start":{"line":59,"column":48},"end":{"line":59,"column":72}}]},"6":{"loc":{"start":{"line":62,"column":9},"end":{"line":79,"column":null}},"type":"cond-expr","locations":[{"start":{"line":63,"column":10},"end":{"line":68,"column":null}},{"start":{"line":71,"column":10},"end":{"line":78,"column":null}}]},"7":{"loc":{"start":{"line":118,"column":14},"end":{"line":118,"column":78}},"type":"cond-expr","locations":[{"start":{"line":118,"column":25},"end":{"line":118,"column":50}},{"start":{"line":118,"column":53},"end":{"line":118,"column":78}}]},"8":{"loc":{"start":{"line":126,"column":15},"end":{"line":126,"column":42}},"type":"binary-expr","locations":[{"start":{"line":126,"column":15},"end":{"line":126,"column":29}},{"start":{"line":126,"column":33},"end":{"line":126,"column":42}}]}},"s":{"0":1,"1":1,"2":1,"3":1,"4":1,"5":1,"6":7,"7":7,"8":1,"9":0,"10":1,"11":1,"12":1,"13":0,"14":0,"15":7,"16":7,"17":7,"18":7,"19":7,"20":21,"21":0,"22":7,"23":1,"24":1,"25":7,"26":21,"27":7,"28":1,"29":0,"30":21,"31":1},"f":{"0":7,"1":1,"2":0,"3":7,"4":21,"5":0,"6":1,"7":21,"8":1,"9":0,"10":21,"11":1},"b":{"0":[0],"1":[0],"2":[0,0],"3":[0,21],"4":[7,14],"5":[7,0],"6":[2,5],"7":[0,7],"8":[7,0]}}
,"/home/atef/Desktop/interview_project/innoscripta-assignment/src/features/article-card/ui/ArticleCardSkeleton.tsx": {"path":"/home/atef/Desktop/interview_project/innoscripta-assignment/src/features/article-card/ui/ArticleCardSkeleton.tsx","statementMap":{"0":{"start":{"line":1,"column":0},"end":{"line":1,"column":16}},"1":{"start":{"line":2,"column":2},"end":{"line":26,"column":4}}},"fnMap":{"0":{"name":"ArticleCardSkeleton","decl":{"start":{"line":1,"column":16},"end":{"line":1,"column":35}},"loc":{"start":{"line":1,"column":35},"end":{"line":27,"column":1}}}},"branchMap":{},"s":{"0":1,"1":5},"f":{"0":5},"b":{}}
,"/home/atef/Desktop/interview_project/innoscripta-assignment/src/features/news-filter/index.ts": {"path":"/home/atef/Desktop/interview_project/innoscripta-assignment/src/features/news-filter/index.ts","statementMap":{"0":{"start":{"line":1,"column":0},"end":{"line":1,"column":9}},"1":{"start":{"line":1,"column":9},"end":{"line":1,"column":47}}},"fnMap":{"0":{"name":"(anonymous_0)","decl":{"start":{"line":1,"column":9},"end":{"line":1,"column":20}},"loc":{"start":{"line":1,"column":9},"end":{"line":1,"column":47}}}},"branchMap":{},"s":{"0":0,"1":0},"f":{"0":0},"b":{}}
,"/home/atef/Desktop/interview_project/innoscripta-assignment/src/features/news-filter/ui/NewsFilters.tsx": {"path":"/home/atef/Desktop/interview_project/innoscripta-assignment/src/features/news-filter/ui/NewsFilters.tsx","statementMap":{"0":{"start":{"line":30,"column":0},"end":{"line":30,"column":16}},"1":{"start":{"line":1,"column":0},"end":{"line":1,"column":58}},"2":{"start":{"line":2,"column":0},"end":{"line":2,"column":58}},"3":{"start":{"line":3,"column":0},"end":{"line":3,"column":76}},"4":{"start":{"line":4,"column":0},"end":{"line":4,"column":52}},"5":{"start":{"line":6,"column":0},"end":{"line":6,"column":null}},"6":{"start":{"line":12,"column":0},"end":{"line":12,"column":44}},"7":{"start":{"line":14,"column":53},"end":{"line":18,"column":2}},"8":{"start":{"line":20,"column":54},"end":{"line":28,"column":2}},"9":{"start":{"line":31,"column":19},"end":{"line":31,"column":35}},"10":{"start":{"line":32,"column":33},"end":{"line":32,"column":68}},"11":{"start":{"line":32,"column":57},"end":{"line":32,"column":67}},"12":{"start":{"line":33,"column":22},"end":{"line":33,"column":59}},"13":{"start":{"line":34,"column":28},"end":{"line":34,"column":43}},"14":{"start":{"line":36,"column":2},"end":{"line":43,"column":9}},"15":{"start":{"line":37,"column":15},"end":{"line":37,"column":41}},"16":{"start":{"line":38,"column":21},"end":{"line":38,"column":46}},"17":{"start":{"line":40,"column":6},"end":{"line":41,"column":63}},"18":{"start":{"line":42,"column":4},"end":{"line":42,"column":18}},"19":{"start":{"line":45,"column":29},"end":{"line":53,"column":3}},"20":{"start":{"line":46,"column":15},"end":{"line":46,"column":34}},"21":{"start":{"line":47,"column":4},"end":{"line":47,"column":20}},"22":{"start":{"line":47,"column":13},"end":{"line":47,"column":20}},"23":{"start":{"line":48,"column":4},"end":{"line":52,"column":5}},"24":{"start":{"line":49,"column":6},"end":{"line":49,"column":22}},"25":{"start":{"line":51,"column":6},"end":{"line":51,"column":17}},"26":{"start":{"line":55,"column":2},"end":{"line":57,"column":3}},"27":{"start":{"line":56,"column":4},"end":{"line":56,"column":16}},"28":{"start":{"line":59,"column":2},"end":{"line":126,"column":4}},"29":{"start":{"line":64,"column":25},"end":{"line":64,"column":77}},"30":{"start":{"line":67,"column":12},"end":{"line":67,"column":38}},"31":{"start":{"line":75,"column":25},"end":{"line":75,"column":77}},"32":{"start":{"line":78,"column":12},"end":{"line":78,"column":36}},"33":{"start":{"line":91,"column":12},"end":{"line":94,"column":13}},"34":{"start":{"line":92,"column":14},"end":{"line":92,"column":33}},"35":{"start":{"line":93,"column":14},"end":{"line":93,"column":35}},"36":{"start":{"line":105,"column":14},"end":{"line":106,"column":null}},"37":{"start":{"line":118,"column":25},"end":{"line":118,"column":49}}},"fnMap":{"0":{"name":"NewsFilters","decl":{"start":{"line":30,"column":16},"end":{"line":30,"column":27}},"loc":{"start":{"line":30,"column":27},"end":{"line":127,"column":1}}},"1":{"name":"(anonymous_1)","decl":{"start":{"line":32,"column":48},"end":{"line":32,"column":53}},"loc":{"start":{"line":32,"column":57},"end":{"line":32,"column":67}}},"2":{"name":"(anonymous_2)","decl":{"start":{"line":36,"column":12},"end":{"line":36,"column":15}},"loc":{"start":{"line":36,"column":17},"end":{"line":43,"column":3}}},"3":{"name":"(anonymous_3)","decl":{"start":{"line":45,"column":29},"end":{"line":45,"column":32}},"loc":{"start":{"line":45,"column":34},"end":{"line":53,"column":3}}},"4":{"name":"(anonymous_4)","decl":{"start":{"line":64,"column":20},"end":{"line":64,"column":21}},"loc":{"start":{"line":64,"column":25},"end":{"line":64,"column":77}}},"5":{"name":"(anonymous_5)","decl":{"start":{"line":66,"column":26},"end":{"line":66,"column":34}},"loc":{"start":{"line":67,"column":12},"end":{"line":67,"column":38}}},"6":{"name":"(anonymous_6)","decl":{"start":{"line":75,"column":20},"end":{"line":75,"column":21}},"loc":{"start":{"line":75,"column":25},"end":{"line":75,"column":77}}},"7":{"name":"(anonymous_7)","decl":{"start":{"line":77,"column":23},"end":{"line":77,"column":29}},"loc":{"start":{"line":78,"column":12},"end":{"line":78,"column":36}}},"8":{"name":"(anonymous_8)","decl":{"start":{"line":90,"column":21},"end":{"line":90,"column":22}},"loc":{"start":{"line":90,"column":25},"end":{"line":95,"column":11}}},"9":{"name":"(anonymous_9)","decl":{"start":{"line":104,"column":22},"end":{"line":104,"column":23}},"loc":{"start":{"line":105,"column":14},"end":{"line":106,"column":null}}},"10":{"name":"(anonymous_10)","decl":{"start":{"line":118,"column":19},"end":{"line":118,"column":22}},"loc":{"start":{"line":118,"column":25},"end":{"line":118,"column":49}}}},"branchMap":{"0":{"loc":{"start":{"line":40,"column":6},"end":{"line":41,"column":63}},"type":"binary-expr","locations":[{"start":{"line":40,"column":6},"end":{"line":40,"column":33}},{"start":{"line":41,"column":7},"end":{"line":41,"column":30}},{"start":{"line":41,"column":34},"end":{"line":41,"column":62}}]},"1":{"loc":{"start":{"line":47,"column":4},"end":{"line":47,"column":20}},"type":"if","locations":[{"start":{"line":47,"column":4},"end":{"line":47,"column":20}}]},"2":{"loc":{"start":{"line":48,"column":4},"end":{"line":52,"column":5}},"type":"if","locations":[{"start":{"line":48,"column":4},"end":{"line":52,"column":5}},{"start":{"line":50,"column":11},"end":{"line":52,"column":5}}]},"3":{"loc":{"start":{"line":55,"column":2},"end":{"line":57,"column":3}},"type":"if","locations":[{"start":{"line":55,"column":2},"end":{"line":57,"column":3}}]},"4":{"loc":{"start":{"line":85,"column":42},"end":{"line":85,"column":81}},"type":"cond-expr","locations":[{"start":{"line":85,"column":50},"end":{"line":85,"column":76}},{"start":{"line":85,"column":79},"end":{"line":85,"column":81}}]},"5":{"loc":{"start":{"line":91,"column":12},"end":{"line":94,"column":13}},"type":"if","locations":[{"start":{"line":91,"column":12},"end":{"line":94,"column":13}}]},"6":{"loc":{"start":{"line":91,"column":16},"end":{"line":91,"column":50}},"type":"binary-expr","locations":[{"start":{"line":91,"column":16},"end":{"line":91,"column":33}},{"start":{"line":91,"column":37},"end":{"line":91,"column":50}}]},"7":{"loc":{"start":{"line":97,"column":11},"end":{"line":98,"column":null}},"type":"binary-expr","locations":[{"start":{"line":97,"column":11},"end":{"line":97,"column":16}},{"start":{"line":97,"column":20},"end":{"line":97,"column":37}},{"start":{"line":98,"column":12},"end":{"line":98,"column":69}}]},"8":{"loc":{"start":{"line":103,"column":19},"end":{"line":103,"column":41}},"type":"binary-expr","locations":[{"start":{"line":103,"column":19},"end":{"line":103,"column":35}},{"start":{"line":103,"column":39},"end":{"line":103,"column":41}}]}},"s":{"0":1,"1":1,"2":1,"3":1,"4":1,"5":1,"6":1,"7":1,"8":1,"9":5,"10":5,"11":0,"12":5,"13":5,"14":5,"15":5,"16":5,"17":5,"18":5,"19":5,"20":0,"21":0,"22":0,"23":0,"24":0,"25":0,"26":5,"27":1,"28":4,"29":0,"30":28,"31":0,"32":12,"33":0,"34":0,"35":0,"36":0,"37":1},"f":{"0":5,"1":0,"2":5,"3":0,"4":0,"5":28,"6":0,"7":12,"8":0,"9":0,"10":1},"b":{"0":[5,5,0],"1":[0],"2":[0,0],"3":[1],"4":[0,4],"5":[0],"6":[0,0],"7":[4,0,0],"8":[4,4]}}
,"/home/atef/Desktop/interview_project/innoscripta-assignment/src/lib/utils.ts": {"path":"/home/atef/Desktop/interview_project/innoscripta-assignment/src/lib/utils.ts","statementMap":{"0":{"start":{"line":3,"column":0},"end":{"line":3,"column":16}},"1":{"start":{"line":1,"column":0},"end":{"line":1,"column":45}},"2":{"start":{"line":4,"column":2},"end":{"line":4,"column":22}}},"fnMap":{"0":{"name":"cn","decl":{"start":{"line":3,"column":16},"end":{"line":3,"column":18}},"loc":{"start":{"line":3,"column":42},"end":{"line":5,"column":1}}}},"branchMap":{},"s":{"0":6,"1":6,"2":60},"f":{"0":60},"b":{}}
,"/home/atef/Desktop/interview_project/innoscripta-assignment/src/pages/home/Home.tsx": {"path":"/home/atef/Desktop/interview_project/innoscripta-assignment/src/pages/home/Home.tsx","statementMap":{"0":{"start":{"line":4,"column":0},"end":{"line":4,"column":16}},"1":{"start":{"line":1,"column":0},"end":{"line":1,"column":49}},"2":{"start":{"line":2,"column":0},"end":{"line":2,"column":51}},"3":{"start":{"line":5,"column":2},"end":{"line":12,"column":4}}},"fnMap":{"0":{"name":"Home","decl":{"start":{"line":4,"column":16},"end":{"line":4,"column":20}},"loc":{"start":{"line":4,"column":20},"end":{"line":13,"column":1}}}},"branchMap":{},"s":{"0":0,"1":0,"2":0,"3":0},"f":{"0":0},"b":{}}
,"/home/atef/Desktop/interview_project/innoscripta-assignment/src/pages/home/index.ts": {"path":"/home/atef/Desktop/interview_project/innoscripta-assignment/src/pages/home/index.ts","statementMap":{"0":{"start":{"line":1,"column":0},"end":{"line":1,"column":9}},"1":{"start":{"line":1,"column":9},"end":{"line":1,"column":30}}},"fnMap":{"0":{"name":"(anonymous_0)","decl":{"start":{"line":1,"column":9},"end":{"line":1,"column":13}},"loc":{"start":{"line":1,"column":9},"end":{"line":1,"column":30}}}},"branchMap":{},"s":{"0":0,"1":0},"f":{"0":0},"b":{}}
,"/home/atef/Desktop/interview_project/innoscripta-assignment/src/redux/features/news/index.ts": {"path":"/home/atef/Desktop/interview_project/innoscripta-assignment/src/redux/features/news/index.ts","statementMap":{"0":{"start":{"line":1,"column":0},"end":{"line":1,"column":null}},"1":{"start":{"line":2,"column":2},"end":{"line":2,"column":null}},"2":{"start":{"line":3,"column":2},"end":{"line":3,"column":null}},"3":{"start":{"line":4,"column":2},"end":{"line":4,"column":null}},"4":{"start":{"line":5,"column":2},"end":{"line":5,"column":null}},"5":{"start":{"line":6,"column":2},"end":{"line":6,"column":null}},"6":{"start":{"line":7,"column":2},"end":{"line":7,"column":null}},"7":{"start":{"line":8,"column":2},"end":{"line":8,"column":null}},"8":{"start":{"line":9,"column":2},"end":{"line":9,"column":null}},"9":{"start":{"line":10,"column":2},"end":{"line":10,"column":null}},"10":{"start":{"line":11,"column":2},"end":{"line":11,"column":null}},"11":{"start":{"line":13,"column":0},"end":{"line":13,"column":9}},"12":{"start":{"line":13,"column":9},"end":{"line":13,"column":31}}},"fnMap":{"0":{"name":"(anonymous_0)","decl":{"start":{"line":2,"column":2},"end":{"line":2,"column":11}},"loc":{"start":{"line":2,"column":2},"end":{"line":2,"column":null}}},"1":{"name":"(anonymous_1)","decl":{"start":{"line":3,"column":2},"end":{"line":3,"column":11}},"loc":{"start":{"line":3,"column":2},"end":{"line":3,"column":null}}},"2":{"name":"(anonymous_2)","decl":{"start":{"line":4,"column":2},"end":{"line":4,"column":14}},"loc":{"start":{"line":4,"column":2},"end":{"line":4,"column":null}}},"3":{"name":"(anonymous_3)","decl":{"start":{"line":5,"column":2},"end":{"line":5,"column":16}},"loc":{"start":{"line":5,"column":2},"end":{"line":5,"column":null}}},"4":{"name":"(anonymous_4)","decl":{"start":{"line":6,"column":2},"end":{"line":6,"column":14}},"loc":{"start":{"line":6,"column":2},"end":{"line":6,"column":null}}},"5":{"name":"(anonymous_5)","decl":{"start":{"line":7,"column":2},"end":{"line":7,"column":14}},"loc":{"start":{"line":7,"column":2},"end":{"line":7,"column":null}}},"6":{"name":"(anonymous_6)","decl":{"start":{"line":8,"column":2},"end":{"line":8,"column":14}},"loc":{"start":{"line":8,"column":2},"end":{"line":8,"column":null}}},"7":{"name":"(anonymous_7)","decl":{"start":{"line":9,"column":2},"end":{"line":9,"column":16}},"loc":{"start":{"line":9,"column":2},"end":{"line":9,"column":null}}},"8":{"name":"(anonymous_8)","decl":{"start":{"line":10,"column":2},"end":{"line":10,"column":18}},"loc":{"start":{"line":10,"column":2},"end":{"line":10,"column":null}}},"9":{"name":"(anonymous_9)","decl":{"start":{"line":11,"column":2},"end":{"line":11,"column":14}},"loc":{"start":{"line":11,"column":2},"end":{"line":11,"column":null}}},"10":{"name":"(anonymous_10)","decl":{"start":{"line":13,"column":9},"end":{"line":13,"column":16}},"loc":{"start":{"line":13,"column":9},"end":{"line":13,"column":31}}}},"branchMap":{},"s":{"0":1,"1":5,"2":1,"3":1,"4":1,"5":1,"6":1,"7":1,"8":1,"9":1,"10":1,"11":1,"12":1},"f":{"0":4,"1":0,"2":0,"3":0,"4":0,"5":0,"6":0,"7":0,"8":0,"9":0,"10":0},"b":{}}
,"/home/atef/Desktop/interview_project/innoscripta-assignment/src/redux/features/news/newsSlice.ts": {"path":"/home/atef/Desktop/interview_project/innoscripta-assignment/src/redux/features/news/newsSlice.ts","statementMap":{"0":{"start":{"line":1,"column":0},"end":{"line":1,"column":80}},"1":{"start":{"line":2,"column":0},"end":{"line":2,"column":null}},"2":{"start":{"line":13,"column":0},"end":{"line":13,"column":54}},"3":{"start":{"line":15,"column":36},"end":{"line":21,"column":2}},"4":{"start":{"line":23,"column":24},"end":{"line":27,"column":1}},"5":{"start":{"line":24,"column":2},"end":{"line":24,"column":47}},"6":{"start":{"line":24,"column":37},"end":{"line":24,"column":47}},"7":{"start":{"line":25,"column":17},"end":{"line":25,"column":42}},"8":{"start":{"line":26,"column":2},"end":{"line":26,"column":42}},"9":{"start":{"line":29,"column":22},"end":{"line":32,"column":1}},"10":{"start":{"line":30,"column":2},"end":{"line":30,"column":44}},"11":{"start":{"line":30,"column":37},"end":{"line":30,"column":44}},"12":{"start":{"line":31,"column":2},"end":{"line":31,"column":50}},"13":{"start":{"line":34,"column":13},"end":{"line":64,"column":2}},"14":{"start":{"line":37,"column":4},"end":{"line":56,"column":5}},"15":{"start":{"line":38,"column":23},"end":{"line":48,"column":10}},"16":{"start":{"line":39,"column":26},"end":{"line":39,"column":75}},"17":{"start":{"line":41,"column":10},"end":{"line":47,"column":11}},"18":{"start":{"line":42,"column":28},"end":{"line":42,"column":77}},"19":{"start":{"line":43,"column":12},"end":{"line":43,"column":42}},"20":{"start":{"line":45,"column":12},"end":{"line":45,"column":67}},"21":{"start":{"line":46,"column":12},"end":{"line":46,"column":66}},"22":{"start":{"line":50,"column":22},"end":{"line":50,"column":49}},"23":{"start":{"line":51,"column":6},"end":{"line":51,"column":28}},"24":{"start":{"line":53,"column":6},"end":{"line":55,"column":8}},"25":{"start":{"line":60,"column":16},"end":{"line":60,"column":45}},"26":{"start":{"line":61,"column":6},"end":{"line":61,"column":39}},"27":{"start":{"line":66,"column":32},"end":{"line":77,"column":2}},"28":{"start":{"line":79,"column":18},"end":{"line":152,"column":2}},"29":{"start":{"line":84,"column":6},"end":{"line":84,"column":44}},"30":{"start":{"line":87,"column":6},"end":{"line":87,"column":32}},"31":{"start":{"line":90,"column":6},"end":{"line":90,"column":47}},"32":{"start":{"line":93,"column":6},"end":{"line":93,"column":50}},"33":{"start":{"line":99,"column":6},"end":{"line":99,"column":51}},"34":{"start":{"line":100,"column":6},"end":{"line":100,"column":47}},"35":{"start":{"line":103,"column":6},"end":{"line":103,"column":37}},"36":{"start":{"line":106,"column":6},"end":{"line":106,"column":39}},"37":{"start":{"line":112,"column":32},"end":{"line":112,"column":46}},"38":{"start":{"line":114,"column":8},"end":{"line":114,"column":84}},"39":{"start":{"line":115,"column":24},"end":{"line":115,"column":55}},"40":{"start":{"line":117,"column":28},"end":{"line":117,"column":73}},"41":{"start":{"line":117,"column":53},"end":{"line":117,"column":72}},"42":{"start":{"line":118,"column":6},"end":{"line":122,"column":7}},"43":{"start":{"line":119,"column":8},"end":{"line":119,"column":43}},"44":{"start":{"line":121,"column":8},"end":{"line":121,"column":32}},"45":{"start":{"line":125,"column":8},"end":{"line":125,"column":69}},"46":{"start":{"line":126,"column":6},"end":{"line":126,"column":43}},"47":{"start":{"line":129,"column":6},"end":{"line":129,"column":55}},"48":{"start":{"line":132,"column":6},"end":{"line":132,"column":47}},"49":{"start":{"line":136,"column":4},"end":{"line":150,"column":9}},"50":{"start":{"line":138,"column":8},"end":{"line":138,"column":31}},"51":{"start":{"line":139,"column":8},"end":{"line":139,"column":27}},"52":{"start":{"line":142,"column":8},"end":{"line":142,"column":32}},"53":{"start":{"line":143,"column":8},"end":{"line":143,"column":40}},"54":{"start":{"line":144,"column":8},"end":{"line":144,"column":27}},"55":{"start":{"line":147,"column":8},"end":{"line":147,"column":32}},"56":{"start":{"line":148,"column":8},"end":{"line":148,"column":75}},"57":{"start":{"line":149,"column":8},"end":{"line":149,"column":28}},"58":{"start":{"line":154,"column":13},"end":{"line":164,"column":null}},"59":{"start":{"line":167,"column":0},"end":{"line":167,"column":33}}},"fnMap":{"0":{"name":"(anonymous_0)","decl":{"start":{"line":23,"column":24},"end":{"line":23,"column":28}},"loc":{"start":{"line":23,"column":48},"end":{"line":27,"column":1}}},"1":{"name":"(anonymous_1)","decl":{"start":{"line":29,"column":22},"end":{"line":29,"column":23}},"loc":{"start":{"line":29,"column":61},"end":{"line":32,"column":1}}},"2":{"name":"(anonymous_2)","decl":{"start":{"line":36,"column":2},"end":{"line":36,"column":7}},"loc":{"start":{"line":36,"column":54},"end":{"line":57,"column":3}}},"3":{"name":"(anonymous_3)","decl":{"start":{"line":39,"column":16},"end":{"line":39,"column":22}},"loc":{"start":{"line":39,"column":26},"end":{"line":39,"column":75}}},"4":{"name":"(anonymous_4)","decl":{"start":{"line":40,"column":13},"end":{"line":40,"column":18}},"loc":{"start":{"line":40,"column":28},"end":{"line":48,"column":9}}},"5":{"name":"(anonymous_5)","decl":{"start":{"line":59,"column":15},"end":{"line":59,"column":22}},"loc":{"start":{"line":59,"column":25},"end":{"line":62,"column":5}}},"6":{"name":"(anonymous_6)","decl":{"start":{"line":83,"column":15},"end":{"line":83,"column":16}},"loc":{"start":{"line":83,"column":56},"end":{"line":85,"column":5}}},"7":{"name":"(anonymous_7)","decl":{"start":{"line":86,"column":17},"end":{"line":86,"column":22}},"loc":{"start":{"line":86,"column":25},"end":{"line":88,"column":5}}},"8":{"name":"(anonymous_8)","decl":{"start":{"line":89,"column":18},"end":{"line":89,"column":19}},"loc":{"start":{"line":89,"column":63},"end":{"line":91,"column":5}}},"9":{"name":"(anonymous_9)","decl":{"start":{"line":92,"column":20},"end":{"line":92,"column":21}},"loc":{"start":{"line":92,"column":63},"end":{"line":94,"column":5}}},"10":{"name":"(anonymous_10)","decl":{"start":{"line":95,"column":18},"end":{"line":95,"column":null}},"loc":{"start":{"line":98,"column":8},"end":{"line":101,"column":5}}},"11":{"name":"(anonymous_11)","decl":{"start":{"line":102,"column":18},"end":{"line":102,"column":23}},"loc":{"start":{"line":102,"column":26},"end":{"line":104,"column":5}}},"12":{"name":"(anonymous_12)","decl":{"start":{"line":105,"column":18},"end":{"line":105,"column":19}},"loc":{"start":{"line":105,"column":60},"end":{"line":107,"column":5}}},"13":{"name":"(anonymous_13)","decl":{"start":{"line":108,"column":20},"end":{"line":108,"column":null}},"loc":{"start":{"line":111,"column":8},"end":{"line":127,"column":5}}},"14":{"name":"(anonymous_14)","decl":{"start":{"line":117,"column":48},"end":{"line":117,"column":49}},"loc":{"start":{"line":117,"column":53},"end":{"line":117,"column":72}}},"15":{"name":"(anonymous_15)","decl":{"start":{"line":128,"column":22},"end":{"line":128,"column":27}},"loc":{"start":{"line":128,"column":30},"end":{"line":130,"column":5}}},"16":{"name":"(anonymous_16)","decl":{"start":{"line":131,"column":18},"end":{"line":131,"column":23}},"loc":{"start":{"line":131,"column":26},"end":{"line":133,"column":5}}},"17":{"name":"(anonymous_17)","decl":{"start":{"line":135,"column":17},"end":{"line":135,"column":24}},"loc":{"start":{"line":135,"column":27},"end":{"line":151,"column":3}}},"18":{"name":"(anonymous_18)","decl":{"start":{"line":137,"column":34},"end":{"line":137,"column":39}},"loc":{"start":{"line":137,"column":42},"end":{"line":140,"column":7}}},"19":{"name":"(anonymous_19)","decl":{"start":{"line":141,"column":36},"end":{"line":141,"column":37}},"loc":{"start":{"line":141,"column":54},"end":{"line":145,"column":7}}},"20":{"name":"(anonymous_20)","decl":{"start":{"line":146,"column":35},"end":{"line":146,"column":36}},"loc":{"start":{"line":146,"column":53},"end":{"line":150,"column":7}}}},"branchMap":{"0":{"loc":{"start":{"line":24,"column":2},"end":{"line":24,"column":47}},"type":"if","locations":[{"start":{"line":24,"column":2},"end":{"line":24,"column":47}}]},"1":{"loc":{"start":{"line":26,"column":9},"end":{"line":26,"column":41}},"type":"cond-expr","locations":[{"start":{"line":26,"column":18},"end":{"line":26,"column":36}},{"start":{"line":26,"column":39},"end":{"line":26,"column":41}}]},"2":{"loc":{"start":{"line":30,"column":2},"end":{"line":30,"column":44}},"type":"if","locations":[{"start":{"line":30,"column":2},"end":{"line":30,"column":44}}]},"3":{"loc":{"start":{"line":54,"column":8},"end":{"line":54,"column":71}},"type":"cond-expr","locations":[{"start":{"line":54,"column":33},"end":{"line":54,"column":46}},{"start":{"line":54,"column":49},"end":{"line":54,"column":71}}]},"4":{"loc":{"start":{"line":60,"column":17},"end":{"line":60,"column":37}},"type":"binary-expr","locations":[{"start":{"line":60,"column":17},"end":{"line":60,"column":31}},{"start":{"line":60,"column":35},"end":{"line":60,"column":37}}]},"5":{"loc":{"start":{"line":61,"column":13},"end":{"line":61,"column":38}},"type":"binary-expr","locations":[{"start":{"line":61,"column":13},"end":{"line":61,"column":21}},{"start":{"line":61,"column":25},"end":{"line":61,"column":38}}]},"6":{"loc":{"start":{"line":118,"column":6},"end":{"line":122,"column":7}},"type":"if","locations":[{"start":{"line":118,"column":6},"end":{"line":122,"column":7}},{"start":{"line":120,"column":13},"end":{"line":122,"column":7}}]},"7":{"loc":{"start":{"line":148,"column":23},"end":{"line":148,"column":74}},"type":"binary-expr","locations":[{"start":{"line":148,"column":23},"end":{"line":148,"column":48}},{"start":{"line":148,"column":52},"end":{"line":148,"column":74}}]}},"s":{"0":1,"1":1,"2":1,"3":1,"4":1,"5":3,"6":0,"7":3,"8":3,"9":1,"10":2,"11":0,"12":2,"13":1,"14":0,"15":0,"16":0,"17":0,"18":0,"19":0,"20":0,"21":0,"22":0,"23":0,"24":0,"25":0,"26":0,"27":1,"28":1,"29":2,"30":1,"31":1,"32":1,"33":1,"34":1,"35":1,"36":1,"37":2,"38":2,"39":2,"40":2,"41":1,"42":2,"43":1,"44":1,"45":2,"46":2,"47":0,"48":0,"49":1,"50":0,"51":0,"52":0,"53":0,"54":0,"55":0,"56":0,"57":0,"58":1,"59":1},"f":{"0":3,"1":2,"2":0,"3":0,"4":0,"5":0,"6":2,"7":1,"8":1,"9":1,"10":1,"11":1,"12":1,"13":2,"14":1,"15":0,"16":0,"17":1,"18":0,"19":0,"20":0},"b":{"0":[0],"1":[0,3],"2":[0],"3":[0,0],"4":[0,0],"5":[0,0],"6":[1,1],"7":[0,0]}}
,"/home/atef/Desktop/interview_project/innoscripta-assignment/src/redux/features/news/api/config.ts": {"path":"/home/atef/Desktop/interview_project/innoscripta-assignment/src/redux/features/news/api/config.ts","statementMap":{"0":{"start":{"line":4,"column":13},"end":{"line":8,"column":11}},"1":{"start":{"line":13,"column":13},"end":{"line":17,"column":11}},"2":{"start":{"line":22,"column":13},"end":{"line":27,"column":11}}},"fnMap":{},"branchMap":{},"s":{"0":0,"1":0,"2":0},"f":{},"b":{}}
,"/home/atef/Desktop/interview_project/innoscripta-assignment/src/redux/features/news/api/fetchers.ts": {"path":"/home/atef/Desktop/interview_project/innoscripta-assignment/src/redux/features/news/api/fetchers.ts","statementMap":{"0":{"start":{"line":20,"column":0},"end":{"line":20,"column":7}},"1":{"start":{"line":51,"column":0},"end":{"line":51,"column":7}},"2":{"start":{"line":85,"column":0},"end":{"line":85,"column":7}},"3":{"start":{"line":1,"column":0},"end":{"line":1,"column":50}},"4":{"start":{"line":2,"column":0},"end":{"line":2,"column":63}},"5":{"start":{"line":12,"column":2},"end":{"line":17,"column":15}},"6":{"start":{"line":23,"column":16},"end":{"line":23,"column":35}},"7":{"start":{"line":24,"column":18},"end":{"line":24,"column":62}},"8":{"start":{"line":26,"column":16},"end":{"line":34,"column":4}},"9":{"start":{"line":36,"column":2},"end":{"line":48,"column":4}},"10":{"start":{"line":37,"column":43},"end":{"line":47,"column":6}},"11":{"start":{"line":54,"column":16},"end":{"line":54,"column":35}},"12":{"start":{"line":55,"column":18},"end":{"line":55,"column":64}},"13":{"start":{"line":57,"column":16},"end":{"line":64,"column":4}},"14":{"start":{"line":70,"column":2},"end":{"line":82,"column":4}},"15":{"start":{"line":71,"column":47},"end":{"line":81,"column":6}},"16":{"start":{"line":86,"column":16},"end":{"line":86,"column":35}},"17":{"start":{"line":87,"column":18},"end":{"line":87,"column":54}},"18":{"start":{"line":89,"column":16},"end":{"line":94,"column":4}},"19":{"start":{"line":100,"column":2},"end":{"line":116,"column":7}},"20":{"start":{"line":103,"column":23},"end":{"line":103,"column":70}},"21":{"start":{"line":103,"column":56},"end":{"line":103,"column":64}},"22":{"start":{"line":105,"column":6},"end":{"line":115,"column":8}},"23":{"start":{"line":119,"column":13},"end":{"line":123,"column":11}}},"fnMap":{"0":{"name":"buildQuery","decl":{"start":{"line":11,"column":9},"end":{"line":11,"column":19}},"loc":{"start":{"line":11,"column":40},"end":{"line":18,"column":1}}},"1":{"name":"fetchFromNewsApi","decl":{"start":{"line":20,"column":22},"end":{"line":20,"column":38}},"loc":{"start":{"line":21,"column":22},"end":{"line":49,"column":1}}},"2":{"name":"(anonymous_2)","decl":{"start":{"line":37,"column":4},"end":{"line":37,"column":5}},"loc":{"start":{"line":37,"column":43},"end":{"line":47,"column":6}}},"3":{"name":"fetchFromGuardian","decl":{"start":{"line":51,"column":22},"end":{"line":51,"column":39}},"loc":{"start":{"line":52,"column":22},"end":{"line":83,"column":1}}},"4":{"name":"(anonymous_4)","decl":{"start":{"line":71,"column":4},"end":{"line":71,"column":5}},"loc":{"start":{"line":71,"column":47},"end":{"line":81,"column":6}}},"5":{"name":"fetchFromNYT","decl":{"start":{"line":85,"column":22},"end":{"line":85,"column":34}},"loc":{"start":{"line":85,"column":55},"end":{"line":117,"column":1}}},"6":{"name":"(anonymous_6)","decl":{"start":{"line":102,"column":9},"end":{"line":102,"column":10}},"loc":{"start":{"line":102,"column":45},"end":{"line":116,"column":5}}},"7":{"name":"(anonymous_7)","decl":{"start":{"line":103,"column":48},"end":{"line":103,"column":52}},"loc":{"start":{"line":103,"column":56},"end":{"line":103,"column":64}}}},"branchMap":{"0":{"loc":{"start":{"line":14,"column":4},"end":{"line":14,"column":68}},"type":"cond-expr","locations":[{"start":{"line":14,"column":42},"end":{"line":14,"column":63}},{"start":{"line":14,"column":66},"end":{"line":14,"column":68}}]},"1":{"loc":{"start":{"line":27,"column":12},"end":{"line":27,"column":34}},"type":"binary-expr","locations":[{"start":{"line":27,"column":12},"end":{"line":27,"column":28}},{"start":{"line":27,"column":32},"end":{"line":27,"column":34}}]},"2":{"loc":{"start":{"line":28,"column":7},"end":{"line":28,"column":22}},"type":"binary-expr","locations":[{"start":{"line":28,"column":7},"end":{"line":28,"column":12}},{"start":{"line":28,"column":16},"end":{"line":28,"column":22}}]},"3":{"loc":{"start":{"line":29,"column":10},"end":{"line":29,"column":32}},"type":"binary-expr","locations":[{"start":{"line":29,"column":10},"end":{"line":29,"column":26}},{"start":{"line":29,"column":30},"end":{"line":29,"column":32}}]},"4":{"loc":{"start":{"line":30,"column":8},"end":{"line":30,"column":28}},"type":"binary-expr","locations":[{"start":{"line":30,"column":8},"end":{"line":30,"column":22}},{"start":{"line":30,"column":26},"end":{"line":30,"column":28}}]},"5":{"loc":{"start":{"line":58,"column":15},"end":{"line":58,"column":38}},"type":"binary-expr","locations":[{"start":{"line":58,"column":15},"end":{"line":58,"column":32}},{"start":{"line":58,"column":36},"end":{"line":58,"column":38}}]},"6":{"loc":{"start":{"line":60,"column":17},"end":{"line":60,"column":39}},"type":"binary-expr","locations":[{"start":{"line":60,"column":17},"end":{"line":60,"column":33}},{"start":{"line":60,"column":37},"end":{"line":60,"column":39}}]},"7":{"loc":{"start":{"line":61,"column":15},"end":{"line":61,"column":35}},"type":"binary-expr","locations":[{"start":{"line":61,"column":15},"end":{"line":61,"column":29}},{"start":{"line":61,"column":33},"end":{"line":61,"column":35}}]},"8":{"loc":{"start":{"line":74,"column":19},"end":{"line":74,"column":50}},"type":"binary-expr","locations":[{"start":{"line":74,"column":19},"end":{"line":74,"column":44}},{"start":{"line":74,"column":48},"end":{"line":74,"column":50}}]},"9":{"loc":{"start":{"line":90,"column":15},"end":{"line":90,"column":33}},"type":"binary-expr","locations":[{"start":{"line":90,"column":15},"end":{"line":90,"column":27}},{"start":{"line":90,"column":31},"end":{"line":90,"column":33}}]},"10":{"loc":{"start":{"line":92,"column":16},"end":{"line":92,"column":57}},"type":"binary-expr","locations":[{"start":{"line":92,"column":16},"end":{"line":92,"column":51}},{"start":{"line":92,"column":55},"end":{"line":92,"column":57}}]},"11":{"loc":{"start":{"line":93,"column":14},"end":{"line":93,"column":53}},"type":"binary-expr","locations":[{"start":{"line":93,"column":14},"end":{"line":93,"column":47}},{"start":{"line":93,"column":51},"end":{"line":93,"column":53}}]},"12":{"loc":{"start":{"line":110,"column":18},"end":{"line":110,"column":78}},"type":"cond-expr","locations":[{"start":{"line":110,"column":29},"end":{"line":110,"column":66}},{"start":{"line":110,"column":69},"end":{"line":110,"column":78}}]}},"s":{"0":0,"1":0,"2":0,"3":0,"4":0,"5":0,"6":0,"7":0,"8":0,"9":0,"10":0,"11":0,"12":0,"13":0,"14":0,"15":0,"16":0,"17":0,"18":0,"19":0,"20":0,"21":0,"22":0,"23":0},"f":{"0":0,"1":0,"2":0,"3":0,"4":0,"5":0,"6":0,"7":0},"b":{"0":[0,0],"1":[0,0],"2":[0,0],"3":[0,0],"4":[0,0],"5":[0,0],"6":[0,0],"7":[0,0],"8":[0,0],"9":[0,0],"10":[0,0],"11":[0,0],"12":[0,0]}}
,"/home/atef/Desktop/interview_project/innoscripta-assignment/src/redux/features/news/api/http.ts": {"path":"/home/atef/Desktop/interview_project/innoscripta-assignment/src/redux/features/news/api/http.ts","statementMap":{"0":{"start":{"line":1,"column":0},"end":{"line":1,"column":7}},"1":{"start":{"line":5,"column":23},"end":{"line":5,"column":44}},"2":{"start":{"line":6,"column":2},"end":{"line":8,"column":5}},"3":{"start":{"line":7,"column":4},"end":{"line":7,"column":47}},"4":{"start":{"line":7,"column":15},"end":{"line":7,"column":47}},"5":{"start":{"line":10,"column":18},"end":{"line":10,"column":53}},"6":{"start":{"line":11,"column":19},"end":{"line":11,"column":39}},"7":{"start":{"line":13,"column":2},"end":{"line":15,"column":3}},"8":{"start":{"line":14,"column":4},"end":{"line":14,"column":62}},"9":{"start":{"line":17,"column":2},"end":{"line":17,"column":25}},"10":{"start":{"line":20,"column":14},"end":{"line":20,"column":33}},"11":{"start":{"line":22,"column":26},"end":{"line":27,"column":1}},"12":{"start":{"line":23,"column":2},"end":{"line":25,"column":3}},"13":{"start":{"line":24,"column":4},"end":{"line":24,"column":29}},"14":{"start":{"line":26,"column":2},"end":{"line":26,"column":21}},"15":{"start":{"line":22,"column":13},"end":{"line":22,"column":26}}},"fnMap":{"0":{"name":"fetchFromAPI","decl":{"start":{"line":1,"column":22},"end":{"line":1,"column":34}},"loc":{"start":{"line":3,"column":32},"end":{"line":18,"column":1}}},"1":{"name":"(anonymous_1)","decl":{"start":{"line":6,"column":33},"end":{"line":6,"column":34}},"loc":{"start":{"line":6,"column":50},"end":{"line":8,"column":3}}},"2":{"name":"(anonymous_2)","decl":{"start":{"line":22,"column":26},"end":{"line":22,"column":27}},"loc":{"start":{"line":22,"column":67},"end":{"line":27,"column":1}}}},"branchMap":{"0":{"loc":{"start":{"line":7,"column":4},"end":{"line":7,"column":47}},"type":"if","locations":[{"start":{"line":7,"column":4},"end":{"line":7,"column":47}}]},"1":{"loc":{"start":{"line":13,"column":2},"end":{"line":15,"column":3}},"type":"if","locations":[{"start":{"line":13,"column":2},"end":{"line":15,"column":3}}]},"2":{"loc":{"start":{"line":23,"column":2},"end":{"line":25,"column":3}},"type":"if","locations":[{"start":{"line":23,"column":2},"end":{"line":25,"column":3}}]}},"s":{"0":0,"1":0,"2":0,"3":0,"4":0,"5":0,"6":0,"7":0,"8":0,"9":0,"10":0,"11":0,"12":0,"13":0,"14":0,"15":0},"f":{"0":0,"1":0,"2":0},"b":{"0":[0],"1":[0],"2":[0]}}
,"/home/atef/Desktop/interview_project/innoscripta-assignment/src/redux/features/news/api/index.ts": {"path":"/home/atef/Desktop/interview_project/innoscripta-assignment/src/redux/features/news/api/index.ts","statementMap":{"0":{"start":{"line":1,"column":0},"end":{"line":1,"column":25}},"1":{"start":{"line":2,"column":0},"end":{"line":2,"column":27}},"2":{"start":{"line":3,"column":0},"end":{"line":3,"column":23}},"3":{"start":{"line":4,"column":0},"end":{"line":4,"column":27}}},"fnMap":{},"branchMap":{},"s":{"0":0,"1":0,"2":0,"3":0},"f":{},"b":{}}
,"/home/atef/Desktop/interview_project/innoscripta-assignment/src/redux/features/news/api/mockData.ts": {"path":"/home/atef/Desktop/interview_project/innoscripta-assignment/src/redux/features/news/api/mockData.ts","statementMap":{"0":{"start":{"line":3,"column":0},"end":{"line":3,"column":16}},"1":{"start":{"line":4,"column":46},"end":{"line":63,"column":4}},"2":{"start":{"line":65,"column":2},"end":{"line":65,"column":32}}},"fnMap":{"0":{"name":"getMockArticles","decl":{"start":{"line":3,"column":16},"end":{"line":3,"column":31}},"loc":{"start":{"line":3,"column":64},"end":{"line":66,"column":1}}}},"branchMap":{"0":{"loc":{"start":{"line":65,"column":9},"end":{"line":65,"column":31}},"type":"binary-expr","locations":[{"start":{"line":65,"column":9},"end":{"line":65,"column":25}},{"start":{"line":65,"column":29},"end":{"line":65,"column":31}}]}},"s":{"0":0,"1":0,"2":0},"f":{"0":0},"b":{"0":[0,0]}}
,"/home/atef/Desktop/interview_project/innoscripta-assignment/src/redux/store/hooks.ts": {"path":"/home/atef/Desktop/interview_project/innoscripta-assignment/src/redux/store/hooks.ts","statementMap":{"0":{"start":{"line":1,"column":0},"end":{"line":1,"column":77}},"1":{"start":{"line":4,"column":30},"end":{"line":4,"column":62}},"2":{"start":{"line":4,"column":36},"end":{"line":4,"column":62}},"3":{"start":{"line":4,"column":13},"end":{"line":4,"column":30}},"4":{"start":{"line":5,"column":13},"end":{"line":5,"column":75}}},"fnMap":{"0":{"name":"(anonymous_0)","decl":{"start":{"line":4,"column":30},"end":{"line":4,"column":33}},"loc":{"start":{"line":4,"column":36},"end":{"line":4,"column":62}}}},"branchMap":{},"s":{"0":0,"1":0,"2":0,"3":0,"4":0},"f":{"0":0},"b":{}}
,"/home/atef/Desktop/interview_project/innoscripta-assignment/src/redux/store/store.ts": {"path":"/home/atef/Desktop/interview_project/innoscripta-assignment/src/redux/store/store.ts","statementMap":{"0":{"start":{"line":1,"column":0},"end":{"line":1,"column":50}},"1":{"start":{"line":2,"column":0},"end":{"line":2,"column":47}},"2":{"start":{"line":4,"column":13},"end":{"line":8,"column":3}}},"fnMap":{},"branchMap":{},"s":{"0":0,"1":0,"2":0},"f":{},"b":{}}
,"/home/atef/Desktop/interview_project/innoscripta-assignment/src/shared/components/Header.tsx": {"path":"/home/atef/Desktop/interview_project/innoscripta-assignment/src/shared/components/Header.tsx","statementMap":{"0":{"start":{"line":12,"column":0},"end":{"line":12,"column":16}},"1":{"start":{"line":1,"column":0},"end":{"line":1,"column":34}},"2":{"start":{"line":2,"column":0},"end":{"line":2,"column":41}},"3":{"start":{"line":3,"column":0},"end":{"line":3,"column":34}},"4":{"start":{"line":4,"column":0},"end":{"line":4,"column":43}},"5":{"start":{"line":5,"column":0},"end":{"line":5,"column":39}},"6":{"start":{"line":7,"column":0},"end":{"line":7,"column":54}},"7":{"start":{"line":8,"column":0},"end":{"line":8,"column":73}},"8":{"start":{"line":9,"column":0},"end":{"line":9,"column":77}},"9":{"start":{"line":10,"column":0},"end":{"line":10,"column":57}},"10":{"start":{"line":13,"column":19},"end":{"line":13,"column":35}},"11":{"start":{"line":14,"column":22},"end":{"line":14,"column":57}},"12":{"start":{"line":14,"column":46},"end":{"line":14,"column":56}},"13":{"start":{"line":15,"column":21},"end":{"line":15,"column":28}},"14":{"start":{"line":17,"column":30},"end":{"line":17,"column":54}},"15":{"start":{"line":19,"column":2},"end":{"line":26,"column":38}},"16":{"start":{"line":20,"column":14},"end":{"line":20,"column":40}},"17":{"start":{"line":22,"column":4},"end":{"line":24,"column":5}},"18":{"start":{"line":23,"column":6},"end":{"line":23,"column":53}},"19":{"start":{"line":28,"column":2},"end":{"line":52,"column":4}},"20":{"start":{"line":36,"column":33},"end":{"line":36,"column":59}},"21":{"start":{"line":37,"column":29},"end":{"line":37,"column":52}},"22":{"start":{"line":55,"column":0},"end":{"line":55,"column":22}}},"fnMap":{"0":{"name":"Header","decl":{"start":{"line":12,"column":16},"end":{"line":12,"column":22}},"loc":{"start":{"line":12,"column":22},"end":{"line":53,"column":1}}},"1":{"name":"(anonymous_1)","decl":{"start":{"line":14,"column":37},"end":{"line":14,"column":42}},"loc":{"start":{"line":14,"column":46},"end":{"line":14,"column":56}}},"2":{"name":"(anonymous_2)","decl":{"start":{"line":19,"column":12},"end":{"line":19,"column":15}},"loc":{"start":{"line":19,"column":17},"end":{"line":26,"column":3}}},"3":{"name":"(anonymous_3)","decl":{"start":{"line":36,"column":24},"end":{"line":36,"column":29}},"loc":{"start":{"line":36,"column":33},"end":{"line":36,"column":59}}},"4":{"name":"(anonymous_4)","decl":{"start":{"line":37,"column":23},"end":{"line":37,"column":26}},"loc":{"start":{"line":37,"column":29},"end":{"line":37,"column":52}}}},"branchMap":{"0":{"loc":{"start":{"line":22,"column":4},"end":{"line":24,"column":5}},"type":"if","locations":[{"start":{"line":22,"column":4},"end":{"line":24,"column":5}}]},"1":{"loc":{"start":{"line":22,"column":8},"end":{"line":22,"column":33}},"type":"binary-expr","locations":[{"start":{"line":22,"column":8},"end":{"line":22,"column":16}},{"start":{"line":22,"column":20},"end":{"line":22,"column":33}}]}},"s":{"0":1,"1":1,"2":1,"3":1,"4":1,"5":1,"6":1,"7":1,"8":1,"9":1,"10":4,"11":4,"12":0,"13":4,"14":4,"15":4,"16":4,"17":4,"18":4,"19":4,"20":5,"21":1,"22":1},"f":{"0":4,"1":0,"2":4,"3":5,"4":1},"b":{"0":[4],"1":[4,2]}}
,"/home/atef/Desktop/interview_project/innoscripta-assignment/src/shared/components/index.ts": {"path":"/home/atef/Desktop/interview_project/innoscripta-assignment/src/shared/components/index.ts","statementMap":{"0":{"start":{"line":1,"column":0},"end":{"line":1,"column":9}},"1":{"start":{"line":1,"column":9},"end":{"line":1,"column":34}}},"fnMap":{"0":{"name":"(anonymous_0)","decl":{"start":{"line":1,"column":9},"end":{"line":1,"column":15}},"loc":{"start":{"line":1,"column":9},"end":{"line":1,"column":34}}}},"branchMap":{},"s":{"0":0,"1":0},"f":{"0":0},"b":{}}
,"/home/atef/Desktop/interview_project/innoscripta-assignment/src/shared/hooks/index.ts": {"path":"/home/atef/Desktop/interview_project/innoscripta-assignment/src/shared/hooks/index.ts","statementMap":{"0":{"start":{"line":1,"column":0},"end":{"line":1,"column":9}},"1":{"start":{"line":1,"column":9},"end":{"line":1,"column":44}}},"fnMap":{"0":{"name":"(anonymous_0)","decl":{"start":{"line":1,"column":9},"end":{"line":1,"column":20}},"loc":{"start":{"line":1,"column":9},"end":{"line":1,"column":44}}}},"branchMap":{},"s":{"0":0,"1":0},"f":{"0":0},"b":{}}
,"/home/atef/Desktop/interview_project/innoscripta-assignment/src/shared/hooks/useDebounce.ts": {"path":"/home/atef/Desktop/interview_project/innoscripta-assignment/src/shared/hooks/useDebounce.ts","statementMap":{"0":{"start":{"line":3,"column":0},"end":{"line":3,"column":16}},"1":{"start":{"line":1,"column":0},"end":{"line":1,"column":44}},"2":{"start":{"line":4,"column":46},"end":{"line":4,"column":64}},"3":{"start":{"line":6,"column":2},"end":{"line":14,"column":21}},"4":{"start":{"line":7,"column":20},"end":{"line":9,"column":13}},"5":{"start":{"line":8,"column":6},"end":{"line":8,"column":31}},"6":{"start":{"line":11,"column":4},"end":{"line":13,"column":6}},"7":{"start":{"line":12,"column":6},"end":{"line":12,"column":28}},"8":{"start":{"line":16,"column":2},"end":{"line":16,"column":24}}},"fnMap":{"0":{"name":"useDebounce","decl":{"start":{"line":3,"column":16},"end":{"line":3,"column":27}},"loc":{"start":{"line":3,"column":54},"end":{"line":17,"column":1}}},"1":{"name":"(anonymous_1)","decl":{"start":{"line":6,"column":12},"end":{"line":6,"column":15}},"loc":{"start":{"line":6,"column":17},"end":{"line":14,"column":3}}},"2":{"name":"(anonymous_2)","decl":{"start":{"line":7,"column":31},"end":{"line":7,"column":34}},"loc":{"start":{"line":7,"column":36},"end":{"line":9,"column":5}}},"3":{"name":"(anonymous_3)","decl":{"start":{"line":11,"column":11},"end":{"line":11,"column":14}},"loc":{"start":{"line":11,"column":16},"end":{"line":13,"column":5}}}},"branchMap":{},"s":{"0":1,"1":1,"2":11,"3":11,"4":8,"5":3,"6":8,"7":8,"8":11},"f":{"0":11,"1":8,"2":3,"3":8},"b":{}}
,"/home/atef/Desktop/interview_project/innoscripta-assignment/src/shared/ui/button/Button.tsx": {"path":"/home/atef/Desktop/interview_project/innoscripta-assignment/src/shared/ui/button/Button.tsx","statementMap":{"0":{"start":{"line":10,"column":0},"end":{"line":10,"column":16}},"1":{"start":{"line":1,"column":0},"end":{"line":1,"column":26}},"2":{"start":{"line":2,"column":0},"end":{"line":2,"column":40}},"3":{"start":{"line":17,"column":2},"end":{"line":29,"column":4}}},"fnMap":{"0":{"name":"Button","decl":{"start":{"line":10,"column":16},"end":{"line":10,"column":22}},"loc":{"start":{"line":16,"column":14},"end":{"line":30,"column":1}}}},"branchMap":{"0":{"loc":{"start":{"line":11,"column":2},"end":{"line":11,"column":21}},"type":"default-arg","locations":[{"start":{"line":11,"column":12},"end":{"line":11,"column":21}}]},"1":{"loc":{"start":{"line":12,"column":2},"end":{"line":12,"column":13}},"type":"default-arg","locations":[{"start":{"line":12,"column":9},"end":{"line":12,"column":13}}]}},"s":{"0":2,"1":2,"2":2,"3":7},"f":{"0":7},"b":{"0":[2],"1":[2]}}
,"/home/atef/Desktop/interview_project/innoscripta-assignment/src/shared/ui/button/index.ts": {"path":"/home/atef/Desktop/interview_project/innoscripta-assignment/src/shared/ui/button/index.ts","statementMap":{"0":{"start":{"line":1,"column":0},"end":{"line":1,"column":9}},"1":{"start":{"line":1,"column":9},"end":{"line":1,"column":34}}},"fnMap":{"0":{"name":"(anonymous_0)","decl":{"start":{"line":1,"column":9},"end":{"line":1,"column":15}},"loc":{"start":{"line":1,"column":9},"end":{"line":1,"column":34}}}},"branchMap":{},"s":{"0":0,"1":0},"f":{"0":0},"b":{}}
,"/home/atef/Desktop/interview_project/innoscripta-assignment/src/shared/ui/logo/Logo.tsx": {"path":"/home/atef/Desktop/interview_project/innoscripta-assignment/src/shared/ui/logo/Logo.tsx","statementMap":{"0":{"start":{"line":1,"column":0},"end":{"line":1,"column":47}},"1":{"start":{"line":3,"column":20},"end":{"line":9,"column":1}},"2":{"start":{"line":4,"column":2},"end":{"line":8,"column":4}},"3":{"start":{"line":3,"column":13},"end":{"line":3,"column":20}}},"fnMap":{"0":{"name":"(anonymous_0)","decl":{"start":{"line":3,"column":20},"end":{"line":3,"column":23}},"loc":{"start":{"line":3,"column":25},"end":{"line":9,"column":1}}}},"branchMap":{},"s":{"0":1,"1":1,"2":3,"3":1},"f":{"0":3},"b":{}}
,"/home/atef/Desktop/interview_project/innoscripta-assignment/src/shared/ui/logo/index.ts": {"path":"/home/atef/Desktop/interview_project/innoscripta-assignment/src/shared/ui/logo/index.ts","statementMap":{"0":{"start":{"line":1,"column":0},"end":{"line":1,"column":9}},"1":{"start":{"line":1,"column":9},"end":{"line":1,"column":30}}},"fnMap":{"0":{"name":"(anonymous_0)","decl":{"start":{"line":1,"column":9},"end":{"line":1,"column":13}},"loc":{"start":{"line":1,"column":9},"end":{"line":1,"column":30}}}},"branchMap":{},"s":{"0":0,"1":0},"f":{"0":0},"b":{}}
,"/home/atef/Desktop/interview_project/innoscripta-assignment/src/shared/ui/navItem/NavItem.tsx": {"path":"/home/atef/Desktop/interview_project/innoscripta-assignment/src/shared/ui/navItem/NavItem.tsx","statementMap":{"0":{"start":{"line":4,"column":0},"end":{"line":4,"column":16}},"1":{"start":{"line":1,"column":0},"end":{"line":1,"column":40}},"2":{"start":{"line":2,"column":0},"end":{"line":2,"column":46}},"3":{"start":{"line":12,"column":15},"end":{"line":12,"column":51}},"4":{"start":{"line":14,"column":2},"end":{"line":27,"column":4}}},"fnMap":{"0":{"name":"NavItem","decl":{"start":{"line":4,"column":16},"end":{"line":4,"column":23}},"loc":{"start":{"line":11,"column":15},"end":{"line":28,"column":1}}}},"branchMap":{"0":{"loc":{"start":{"line":10,"column":2},"end":{"line":10,"column":18}},"type":"default-arg","locations":[{"start":{"line":10,"column":13},"end":{"line":10,"column":18}}]},"1":{"loc":{"start":{"line":20,"column":8},"end":{"line":20,"column":38}},"type":"binary-expr","locations":[{"start":{"line":20,"column":8},"end":{"line":20,"column":16}},{"start":{"line":20,"column":20},"end":{"line":20,"column":38}}]},"2":{"loc":{"start":{"line":21,"column":8},"end":{"line":21,"column":60}},"type":"cond-expr","locations":[{"start":{"line":21,"column":19},"end":{"line":21,"column":37}},{"start":{"line":21,"column":40},"end":{"line":21,"column":60}}]}},"s":{"0":1,"1":1,"2":1,"3":3,"4":3},"f":{"0":3},"b":{"0":[3],"1":[3,0],"2":[1,2]}}
,"/home/atef/Desktop/interview_project/innoscripta-assignment/src/shared/ui/navItem/NavItems.tsx": {"path":"/home/atef/Desktop/interview_project/innoscripta-assignment/src/shared/ui/navItem/NavItems.tsx","statementMap":{"0":{"start":{"line":16,"column":0},"end":{"line":16,"column":16}},"1":{"start":{"line":1,"column":0},"end":{"line":1,"column":78}},"2":{"start":{"line":2,"column":0},"end":{"line":2,"column":76}},"3":{"start":{"line":3,"column":0},"end":{"line":3,"column":36}},"4":{"start":{"line":5,"column":17},"end":{"line":10,"column":11}},"5":{"start":{"line":17,"column":19},"end":{"line":17,"column":35}},"6":{"start":{"line":18,"column":24},"end":{"line":18,"column":59}},"7":{"start":{"line":18,"column":48},"end":{"line":18,"column":58}},"8":{"start":{"line":20,"column":2},"end":{"line":39,"column":4}},"9":{"start":{"line":23,"column":8},"end":{"line":24,"column":null}},"10":{"start":{"line":31,"column":12},"end":{"line":31,"column":39}},"11":{"start":{"line":32,"column":12},"end":{"line":34,"column":13}},"12":{"start":{"line":33,"column":14},"end":{"line":33,"column":43}}},"fnMap":{"0":{"name":"NavItems","decl":{"start":{"line":16,"column":16},"end":{"line":16,"column":24}},"loc":{"start":{"line":16,"column":60},"end":{"line":40,"column":1}}},"1":{"name":"(anonymous_1)","decl":{"start":{"line":18,"column":39},"end":{"line":18,"column":44}},"loc":{"start":{"line":18,"column":48},"end":{"line":18,"column":58}}},"2":{"name":"(anonymous_2)","decl":{"start":{"line":22,"column":20},"end":{"line":22,"column":21}},"loc":{"start":{"line":23,"column":8},"end":{"line":24,"column":null}}},"3":{"name":"(anonymous_3)","decl":{"start":{"line":30,"column":19},"end":{"line":30,"column":22}},"loc":{"start":{"line":30,"column":24},"end":{"line":35,"column":11}}}},"branchMap":{"0":{"loc":{"start":{"line":16,"column":27},"end":{"line":16,"column":43}},"type":"default-arg","locations":[{"start":{"line":16,"column":38},"end":{"line":16,"column":43}}]},"1":{"loc":{"start":{"line":32,"column":12},"end":{"line":34,"column":13}},"type":"if","locations":[{"start":{"line":32,"column":12},"end":{"line":34,"column":13}}]}},"s":{"0":0,"1":0,"2":0,"3":0,"4":0,"5":0,"6":0,"7":0,"8":0,"9":0,"10":0,"11":0,"12":0},"f":{"0":0,"1":0,"2":0,"3":0},"b":{"0":[0],"1":[0]}}
,"/home/atef/Desktop/interview_project/innoscripta-assignment/src/shared/ui/navItem/index.ts": {"path":"/home/atef/Desktop/interview_project/innoscripta-assignment/src/shared/ui/navItem/index.ts","statementMap":{"0":{"start":{"line":1,"column":0},"end":{"line":1,"column":9}},"1":{"start":{"line":1,"column":9},"end":{"line":1,"column":36}},"2":{"start":{"line":2,"column":0},"end":{"line":2,"column":9}},"3":{"start":{"line":2,"column":9},"end":{"line":2,"column":38}}},"fnMap":{"0":{"name":"(anonymous_0)","decl":{"start":{"line":1,"column":9},"end":{"line":1,"column":16}},"loc":{"start":{"line":1,"column":9},"end":{"line":1,"column":36}}},"1":{"name":"(anonymous_1)","decl":{"start":{"line":2,"column":9},"end":{"line":2,"column":17}},"loc":{"start":{"line":2,"column":9},"end":{"line":2,"column":38}}}},"branchMap":{},"s":{"0":0,"1":0,"2":0,"3":0},"f":{"0":0,"1":0},"b":{}}
,"/home/atef/Desktop/interview_project/innoscripta-assignment/src/shared/ui/search/Search.tsx": {"path":"/home/atef/Desktop/interview_project/innoscripta-assignment/src/shared/ui/search/Search.tsx","statementMap":{"0":{"start":{"line":1,"column":0},"end":{"line":1,"column":64}},"1":{"start":{"line":2,"column":0},"end":{"line":2,"column":56}},"2":{"start":{"line":5,"column":27},"end":{"line":76,"column":1}},"3":{"start":{"line":13,"column":22},"end":{"line":13,"column":33}},"4":{"start":{"line":15,"column":28},"end":{"line":19,"column":null}},"5":{"start":{"line":17,"column":6},"end":{"line":17,"column":33}},"6":{"start":{"line":22,"column":23},"end":{"line":25,"column":29}},"7":{"start":{"line":23,"column":14},"end":{"line":23,"column":32}},"8":{"start":{"line":24,"column":4},"end":{"line":24,"column":25}},"9":{"start":{"line":24,"column":11},"end":{"line":24,"column":25}},"10":{"start":{"line":27,"column":20},"end":{"line":31,"column":null}},"11":{"start":{"line":29,"column":6},"end":{"line":29,"column":44}},"12":{"start":{"line":29,"column":29},"end":{"line":29,"column":44}},"13":{"start":{"line":34,"column":26},"end":{"line":34,"column":48}},"14":{"start":{"line":36,"column":2},"end":{"line":75,"column":4}},"15":{"start":{"line":66,"column":29},"end":{"line":66,"column":40}},"16":{"start":{"line":5,"column":13},"end":{"line":5,"column":27}}},"fnMap":{"0":{"name":"(anonymous_0)","decl":{"start":{"line":5,"column":27},"end":{"line":5,"column":28}},"loc":{"start":{"line":12,"column":18},"end":{"line":76,"column":1}}},"1":{"name":"(anonymous_1)","decl":{"start":{"line":16,"column":4},"end":{"line":16,"column":5}},"loc":{"start":{"line":16,"column":41},"end":{"line":18,"column":5}}},"2":{"name":"(anonymous_2)","decl":{"start":{"line":22,"column":35},"end":{"line":22,"column":38}},"loc":{"start":{"line":22,"column":40},"end":{"line":25,"column":3}}},"3":{"name":"(anonymous_3)","decl":{"start":{"line":28,"column":4},"end":{"line":28,"column":5}},"loc":{"start":{"line":28,"column":43},"end":{"line":30,"column":5}}},"4":{"name":"(anonymous_4)","decl":{"start":{"line":66,"column":23},"end":{"line":66,"column":26}},"loc":{"start":{"line":66,"column":29},"end":{"line":66,"column":40}}}},"branchMap":{"0":{"loc":{"start":{"line":7,"column":2},"end":{"line":7,"column":36}},"type":"default-arg","locations":[{"start":{"line":7,"column":16},"end":{"line":7,"column":36}}]},"1":{"loc":{"start":{"line":10,"column":2},"end":{"line":10,"column":16}},"type":"default-arg","locations":[{"start":{"line":10,"column":14},"end":{"line":10,"column":16}}]},"2":{"loc":{"start":{"line":13,"column":22},"end":{"line":13,"column":33}},"type":"binary-expr","locations":[{"start":{"line":13,"column":22},"end":{"line":13,"column":27}},{"start":{"line":13,"column":31},"end":{"line":13,"column":33}}]},"3":{"loc":{"start":{"line":24,"column":4},"end":{"line":24,"column":25}},"type":"if","locations":[{"start":{"line":24,"column":4},"end":{"line":24,"column":25}}]},"4":{"loc":{"start":{"line":29,"column":6},"end":{"line":29,"column":44}},"type":"if","locations":[{"start":{"line":29,"column":6},"end":{"line":29,"column":44}}]},"5":{"loc":{"start":{"line":62,"column":11},"end":{"line":70,"column":null}},"type":"binary-expr","locations":[{"start":{"line":62,"column":11},"end":{"line":62,"column":26}},{"start":{"line":63,"column":12},"end":{"line":69,"column":null}}]}},"s":{"0":1,"1":1,"2":1,"3":15,"4":15,"5":10,"6":15,"7":1,"8":1,"9":1,"10":15,"11":11,"12":1,"13":15,"14":15,"15":1,"16":1},"f":{"0":15,"1":10,"2":1,"3":11,"4":1},"b":{"0":[15],"1":[15],"2":[15,1],"3":[1],"4":[1],"5":[15,11]}}
,"/home/atef/Desktop/interview_project/innoscripta-assignment/src/shared/ui/search/index.ts": {"path":"/home/atef/Desktop/interview_project/innoscripta-assignment/src/shared/ui/search/index.ts","statementMap":{"0":{"start":{"line":1,"column":0},"end":{"line":1,"column":9}},"1":{"start":{"line":1,"column":9},"end":{"line":1,"column":39}}},"fnMap":{"0":{"name":"(anonymous_0)","decl":{"start":{"line":1,"column":9},"end":{"line":1,"column":20}},"loc":{"start":{"line":1,"column":9},"end":{"line":1,"column":39}}}},"branchMap":{},"s":{"0":0,"1":0},"f":{"0":0},"b":{}}
,"/home/atef/Desktop/interview_project/innoscripta-assignment/src/shared/ui/select/Select.tsx": {"path":"/home/atef/Desktop/interview_project/innoscripta-assignment/src/shared/ui/select/Select.tsx","statementMap":{"0":{"start":{"line":9,"column":0},"end":{"line":9,"column":16}},"1":{"start":{"line":1,"column":0},"end":{"line":1,"column":26}},"2":{"start":{"line":2,"column":0},"end":{"line":2,"column":40}},"3":{"start":{"line":3,"column":0},"end":{"line":3,"column":54}},"4":{"start":{"line":10,"column":2},"end":{"line":20,"column":4}}},"fnMap":{"0":{"name":"Select","decl":{"start":{"line":9,"column":16},"end":{"line":9,"column":22}},"loc":{"start":{"line":9,"column":76},"end":{"line":21,"column":1}}}},"branchMap":{"0":{"loc":{"start":{"line":12,"column":7},"end":{"line":12,"column":64}},"type":"binary-expr","locations":[{"start":{"line":12,"column":7},"end":{"line":12,"column":12}},{"start":{"line":12,"column":16},"end":{"line":12,"column":64}}]}},"s":{"0":2,"1":2,"2":2,"3":2,"4":10},"f":{"0":10},"b":{"0":[10,2]}}
,"/home/atef/Desktop/interview_project/innoscripta-assignment/src/shared/ui/select/index.ts": {"path":"/home/atef/Desktop/interview_project/innoscripta-assignment/src/shared/ui/select/index.ts","statementMap":{"0":{"start":{"line":1,"column":0},"end":{"line":1,"column":9}},"1":{"start":{"line":1,"column":9},"end":{"line":1,"column":34}}},"fnMap":{"0":{"name":"(anonymous_0)","decl":{"start":{"line":1,"column":9},"end":{"line":1,"column":15}},"loc":{"start":{"line":1,"column":9},"end":{"line":1,"column":34}}}},"branchMap":{},"s":{"0":0,"1":0},"f":{"0":0},"b":{}}
,"/home/atef/Desktop/interview_project/innoscripta-assignment/src/widgets/news-feed/index.ts": {"path":"/home/atef/Desktop/interview_project/innoscripta-assignment/src/widgets/news-feed/index.ts","statementMap":{"0":{"start":{"line":1,"column":0},"end":{"line":1,"column":9}},"1":{"start":{"line":1,"column":9},"end":{"line":1,"column":41}}},"fnMap":{"0":{"name":"(anonymous_0)","decl":{"start":{"line":1,"column":9},"end":{"line":1,"column":17}},"loc":{"start":{"line":1,"column":9},"end":{"line":1,"column":41}}}},"branchMap":{},"s":{"0":0,"1":0},"f":{"0":0},"b":{}}
,"/home/atef/Desktop/interview_project/innoscripta-assignment/src/widgets/news-feed/ui/NewsFeed.tsx": {"path":"/home/atef/Desktop/interview_project/innoscripta-assignment/src/widgets/news-feed/ui/NewsFeed.tsx","statementMap":{"0":{"start":{"line":9,"column":0},"end":{"line":9,"column":16}},"1":{"start":{"line":1,"column":0},"end":{"line":1,"column":34}},"2":{"start":{"line":2,"column":0},"end":{"line":2,"column":76}},"3":{"start":{"line":3,"column":0},"end":{"line":3,"column":57}},"4":{"start":{"line":4,"column":0},"end":{"line":4,"column":null}},"5":{"start":{"line":10,"column":19},"end":{"line":10,"column":35}},"6":{"start":{"line":20,"column":6},"end":{"line":20,"column":41}},"7":{"start":{"line":20,"column":30},"end":{"line":20,"column":40}},"8":{"start":{"line":22,"column":2},"end":{"line":26,"column":37}},"9":{"start":{"line":23,"column":4},"end":{"line":25,"column":5}},"10":{"start":{"line":24,"column":6},"end":{"line":24,"column":35}},"11":{"start":{"line":28,"column":2},"end":{"line":56,"column":3}},"12":{"start":{"line":29,"column":25},"end":{"line":33,"column":6}},"13":{"start":{"line":35,"column":22},"end":{"line":35,"column":74}},"14":{"start":{"line":37,"column":4},"end":{"line":43,"column":5}},"15":{"start":{"line":38,"column":6},"end":{"line":42,"column":8}},"16":{"start":{"line":45,"column":4},"end":{"line":55,"column":6}},"17":{"start":{"line":48,"column":10},"end":{"line":49,"column":null}},"18":{"start":{"line":58,"column":2},"end":{"line":66,"column":3}},"19":{"start":{"line":59,"column":4},"end":{"line":65,"column":6}},"20":{"start":{"line":62,"column":10},"end":{"line":62,"column":41}},"21":{"start":{"line":68,"column":2},"end":{"line":74,"column":3}},"22":{"start":{"line":69,"column":4},"end":{"line":73,"column":6}},"23":{"start":{"line":76,"column":2},"end":{"line":82,"column":3}},"24":{"start":{"line":77,"column":4},"end":{"line":81,"column":6}},"25":{"start":{"line":84,"column":2},"end":{"line":94,"column":4}},"26":{"start":{"line":87,"column":8},"end":{"line":88,"column":null}}},"fnMap":{"0":{"name":"NewsFeed","decl":{"start":{"line":9,"column":16},"end":{"line":9,"column":24}},"loc":{"start":{"line":9,"column":24},"end":{"line":95,"column":1}}},"1":{"name":"(anonymous_1)","decl":{"start":{"line":20,"column":21},"end":{"line":20,"column":26}},"loc":{"start":{"line":20,"column":30},"end":{"line":20,"column":40}}},"2":{"name":"(anonymous_2)","decl":{"start":{"line":22,"column":12},"end":{"line":22,"column":15}},"loc":{"start":{"line":22,"column":17},"end":{"line":26,"column":3}}},"3":{"name":"(anonymous_3)","decl":{"start":{"line":47,"column":23},"end":{"line":47,"column":30}},"loc":{"start":{"line":48,"column":10},"end":{"line":49,"column":null}}},"4":{"name":"(anonymous_4)","decl":{"start":{"line":61,"column":27},"end":{"line":61,"column":28}},"loc":{"start":{"line":62,"column":10},"end":{"line":62,"column":41}}},"5":{"name":"(anonymous_5)","decl":{"start":{"line":86,"column":20},"end":{"line":86,"column":21}},"loc":{"start":{"line":87,"column":8},"end":{"line":88,"column":null}}}},"branchMap":{"0":{"loc":{"start":{"line":23,"column":4},"end":{"line":25,"column":5}},"type":"if","locations":[{"start":{"line":23,"column":4},"end":{"line":25,"column":5}}]},"1":{"loc":{"start":{"line":28,"column":2},"end":{"line":56,"column":3}},"type":"if","locations":[{"start":{"line":28,"column":2},"end":{"line":56,"column":3}}]},"2":{"loc":{"start":{"line":37,"column":4},"end":{"line":43,"column":5}},"type":"if","locations":[{"start":{"line":37,"column":4},"end":{"line":43,"column":5}}]},"3":{"loc":{"start":{"line":58,"column":2},"end":{"line":66,"column":3}},"type":"if","locations":[{"start":{"line":58,"column":2},"end":{"line":66,"column":3}}]},"4":{"loc":{"start":{"line":68,"column":2},"end":{"line":74,"column":3}},"type":"if","locations":[{"start":{"line":68,"column":2},"end":{"line":74,"column":3}}]},"5":{"loc":{"start":{"line":76,"column":2},"end":{"line":82,"column":3}},"type":"if","locations":[{"start":{"line":76,"column":2},"end":{"line":82,"column":3}}]}},"s":{"0":1,"1":1,"2":1,"3":1,"4":1,"5":4,"6":4,"7":0,"8":4,"9":4,"10":4,"11":4,"12":0,"13":0,"14":0,"15":0,"16":0,"17":0,"18":4,"19":1,"20":8,"21":3,"22":1,"23":2,"24":1,"25":1,"26":2},"f":{"0":4,"1":0,"2":4,"3":0,"4":8,"5":2},"b":{"0":[4],"1":[0],"2":[0],"3":[1],"4":[1],"5":[1]}}
}
