TN:
SF:src/App.tsx
FN:6,App
FNF:1
FNH:0
FNDA:0,App
DA:1,0
DA:3,0
DA:4,0
DA:7,0
DA:14,0
LF:5
LH:0
BRF:0
BRH:0
end_of_record
TN:
SF:src/main.tsx
FNF:0
FNH:0
DA:1,0
DA:2,0
DA:3,0
DA:4,0
DA:6,0
LF:5
LH:0
BRF:0
BRH:0
end_of_record
TN:
SF:src/features/article-card/index.ts
FN:1,(anonymous_0)
FN:2,(anonymous_1)
FNF:2
FNH:0
FNDA:0,(anonymous_0)
FNDA:0,(anonymous_1)
DA:1,0
DA:2,0
LF:2
LH:0
BRF:0
BRH:0
end_of_record
TN:
SF:src/features/article-card/ui/ArticleCard.tsx
FN:7,ArticleCard
FN:16,handleImgError
FN:20,(anonymous_2)
FN:28,(anonymous_3)
FN:36,(anonymous_4)
FN:37,(anonymous_5)
FN:39,(anonymous_6)
FN:47,(anonymous_7)
FN:68,(anonymous_8)
FN:77,(anonymous_9)
FN:82,(anonymous_10)
FN:89,(anonymous_11)
FNF:12
FNH:9
FNDA:7,ArticleCard
FNDA:1,handleImgError
FNDA:0,(anonymous_2)
FNDA:7,(anonymous_3)
FNDA:21,(anonymous_4)
FNDA:0,(anonymous_5)
FNDA:1,(anonymous_6)
FNDA:21,(anonymous_7)
FNDA:1,(anonymous_8)
FNDA:0,(anonymous_9)
FNDA:21,(anonymous_10)
FNDA:1,(anonymous_11)
DA:1,1
DA:2,1
DA:3,1
DA:4,1
DA:5,1
DA:7,1
DA:12,7
DA:14,7
DA:17,1
DA:18,1
DA:19,1
DA:20,1
DA:21,0
DA:22,0
DA:26,7
DA:28,7
DA:30,7
DA:36,7
DA:37,21
DA:39,7
DA:43,1
DA:44,1
DA:47,7
DA:48,21
DA:57,7
DA:68,1
DA:77,0
DA:83,21
DA:90,1
LF:29
LH:26
BRDA:17,0,0,0
BRDA:21,1,0,0
BRDA:21,2,0,0
BRDA:21,2,1,0
BRDA:50,3,0,0
BRDA:50,3,1,21
BRDA:52,4,0,7
BRDA:52,4,1,14
BRDA:59,5,0,7
BRDA:59,5,1,0
BRDA:62,6,0,2
BRDA:62,6,1,5
BRDA:118,7,0,0
BRDA:118,7,1,7
BRDA:126,8,0,7
BRDA:126,8,1,0
BRF:16
BRH:8
end_of_record
TN:
SF:src/features/article-card/ui/ArticleCardSkeleton.tsx
FN:1,ArticleCardSkeleton
FNF:1
FNH:1
FNDA:5,ArticleCardSkeleton
DA:1,1
DA:2,5
LF:2
LH:2
BRF:0
BRH:0
end_of_record
TN:
SF:src/features/news-filter/index.ts
FN:1,(anonymous_0)
FNF:1
FNH:0
FNDA:0,(anonymous_0)
DA:1,0
LF:1
LH:0
BRF:0
BRH:0
end_of_record
TN:
SF:src/features/news-filter/ui/NewsFilters.tsx
FN:30,NewsFilters
FN:32,(anonymous_1)
FN:36,(anonymous_2)
FN:45,(anonymous_3)
FN:64,(anonymous_4)
FN:66,(anonymous_5)
FN:75,(anonymous_6)
FN:77,(anonymous_7)
FN:90,(anonymous_8)
FN:104,(anonymous_9)
FN:118,(anonymous_10)
FNF:11
FNH:5
FNDA:5,NewsFilters
FNDA:0,(anonymous_1)
FNDA:5,(anonymous_2)
FNDA:0,(anonymous_3)
FNDA:0,(anonymous_4)
FNDA:28,(anonymous_5)
FNDA:0,(anonymous_6)
FNDA:12,(anonymous_7)
FNDA:0,(anonymous_8)
FNDA:0,(anonymous_9)
FNDA:1,(anonymous_10)
DA:1,1
DA:2,1
DA:3,1
DA:4,1
DA:6,1
DA:12,1
DA:14,1
DA:20,1
DA:30,1
DA:31,5
DA:32,5
DA:33,5
DA:34,5
DA:36,5
DA:37,5
DA:38,5
DA:40,5
DA:42,5
DA:45,5
DA:46,0
DA:47,0
DA:48,0
DA:49,0
DA:51,0
DA:55,5
DA:56,1
DA:59,4
DA:64,0
DA:67,28
DA:75,0
DA:78,12
DA:91,0
DA:92,0
DA:93,0
DA:105,0
DA:118,1
LF:36
LH:25
BRDA:40,0,0,5
BRDA:40,0,1,5
BRDA:40,0,2,0
BRDA:47,1,0,0
BRDA:48,2,0,0
BRDA:48,2,1,0
BRDA:55,3,0,1
BRDA:85,4,0,0
BRDA:85,4,1,4
BRDA:91,5,0,0
BRDA:91,6,0,0
BRDA:91,6,1,0
BRDA:97,7,0,4
BRDA:97,7,1,0
BRDA:97,7,2,0
BRDA:103,8,0,4
BRDA:103,8,1,4
BRF:17
BRH:7
end_of_record
TN:
SF:src/lib/utils.ts
FN:3,cn
FNF:1
FNH:1
FNDA:60,cn
DA:1,6
DA:3,6
DA:4,60
LF:3
LH:3
BRF:0
BRH:0
end_of_record
TN:
SF:src/pages/home/Home.tsx
FN:4,Home
FNF:1
FNH:0
FNDA:0,Home
DA:1,0
DA:2,0
DA:4,0
DA:5,0
LF:4
LH:0
BRF:0
BRH:0
end_of_record
TN:
SF:src/pages/home/index.ts
FN:1,(anonymous_0)
FNF:1
FNH:0
FNDA:0,(anonymous_0)
DA:1,0
LF:1
LH:0
BRF:0
BRH:0
end_of_record
TN:
SF:src/redux/features/news/index.ts
FN:2,(anonymous_0)
FN:3,(anonymous_1)
FN:4,(anonymous_2)
FN:5,(anonymous_3)
FN:6,(anonymous_4)
FN:7,(anonymous_5)
FN:8,(anonymous_6)
FN:9,(anonymous_7)
FN:10,(anonymous_8)
FN:11,(anonymous_9)
FN:13,(anonymous_10)
FNF:11
FNH:1
FNDA:4,(anonymous_0)
FNDA:0,(anonymous_1)
FNDA:0,(anonymous_2)
FNDA:0,(anonymous_3)
FNDA:0,(anonymous_4)
FNDA:0,(anonymous_5)
FNDA:0,(anonymous_6)
FNDA:0,(anonymous_7)
FNDA:0,(anonymous_8)
FNDA:0,(anonymous_9)
FNDA:0,(anonymous_10)
DA:1,1
DA:2,5
DA:3,1
DA:4,1
DA:5,1
DA:6,1
DA:7,1
DA:8,1
DA:9,1
DA:10,1
DA:11,1
DA:13,1
LF:12
LH:12
BRF:0
BRH:0
end_of_record
TN:
SF:src/redux/features/news/newsSlice.ts
FN:23,(anonymous_0)
FN:29,(anonymous_1)
FN:36,(anonymous_2)
FN:39,(anonymous_3)
FN:40,(anonymous_4)
FN:59,(anonymous_5)
FN:83,(anonymous_6)
FN:86,(anonymous_7)
FN:89,(anonymous_8)
FN:92,(anonymous_9)
FN:95,(anonymous_10)
FN:102,(anonymous_11)
FN:105,(anonymous_12)
FN:108,(anonymous_13)
FN:117,(anonymous_14)
FN:128,(anonymous_15)
FN:131,(anonymous_16)
FN:135,(anonymous_17)
FN:137,(anonymous_18)
FN:141,(anonymous_19)
FN:146,(anonymous_20)
FNF:21
FNH:12
FNDA:3,(anonymous_0)
FNDA:2,(anonymous_1)
FNDA:0,(anonymous_2)
FNDA:0,(anonymous_3)
FNDA:0,(anonymous_4)
FNDA:0,(anonymous_5)
FNDA:2,(anonymous_6)
FNDA:1,(anonymous_7)
FNDA:1,(anonymous_8)
FNDA:1,(anonymous_9)
FNDA:1,(anonymous_10)
FNDA:1,(anonymous_11)
FNDA:1,(anonymous_12)
FNDA:2,(anonymous_13)
FNDA:1,(anonymous_14)
FNDA:0,(anonymous_15)
FNDA:0,(anonymous_16)
FNDA:1,(anonymous_17)
FNDA:0,(anonymous_18)
FNDA:0,(anonymous_19)
FNDA:0,(anonymous_20)
DA:1,1
DA:2,1
DA:13,1
DA:15,1
DA:23,1
DA:24,3
DA:25,3
DA:26,3
DA:29,1
DA:30,2
DA:31,2
DA:34,1
DA:37,0
DA:38,0
DA:39,0
DA:41,0
DA:42,0
DA:43,0
DA:45,0
DA:46,0
DA:50,0
DA:51,0
DA:53,0
DA:60,0
DA:61,0
DA:66,1
DA:79,1
DA:84,2
DA:87,1
DA:90,1
DA:93,1
DA:99,1
DA:100,1
DA:103,1
DA:106,1
DA:112,2
DA:114,2
DA:115,2
DA:117,2
DA:118,2
DA:119,1
DA:121,1
DA:125,2
DA:126,2
DA:129,0
DA:132,0
DA:136,1
DA:138,0
DA:139,0
DA:142,0
DA:143,0
DA:144,0
DA:147,0
DA:148,0
DA:149,0
DA:154,1
DA:167,1
LF:57
LH:34
BRDA:24,0,0,0
BRDA:26,1,0,0
BRDA:26,1,1,3
BRDA:30,2,0,0
BRDA:54,3,0,0
BRDA:54,3,1,0
BRDA:60,4,0,0
BRDA:60,4,1,0
BRDA:61,5,0,0
BRDA:61,5,1,0
BRDA:118,6,0,1
BRDA:118,6,1,1
BRDA:148,7,0,0
BRDA:148,7,1,0
BRF:14
BRH:3
end_of_record
TN:
SF:src/redux/features/news/api/config.ts
FNF:0
FNH:0
DA:4,0
DA:13,0
DA:22,0
LF:3
LH:0
BRF:0
BRH:0
end_of_record
TN:
SF:src/redux/features/news/api/fetchers.ts
FN:11,buildQuery
FN:20,fetchFromNewsApi
FN:37,(anonymous_2)
FN:51,fetchFromGuardian
FN:71,(anonymous_4)
FN:85,fetchFromNYT
FN:102,(anonymous_6)
FN:103,(anonymous_7)
FNF:8
FNH:0
FNDA:0,buildQuery
FNDA:0,fetchFromNewsApi
FNDA:0,(anonymous_2)
FNDA:0,fetchFromGuardian
FNDA:0,(anonymous_4)
FNDA:0,fetchFromNYT
FNDA:0,(anonymous_6)
FNDA:0,(anonymous_7)
DA:1,0
DA:2,0
DA:12,0
DA:20,0
DA:23,0
DA:24,0
DA:26,0
DA:36,0
DA:37,0
DA:51,0
DA:54,0
DA:55,0
DA:57,0
DA:70,0
DA:71,0
DA:85,0
DA:86,0
DA:87,0
DA:89,0
DA:100,0
DA:103,0
DA:105,0
DA:119,0
LF:23
LH:0
BRDA:14,0,0,0
BRDA:14,0,1,0
BRDA:27,1,0,0
BRDA:27,1,1,0
BRDA:28,2,0,0
BRDA:28,2,1,0
BRDA:29,3,0,0
BRDA:29,3,1,0
BRDA:30,4,0,0
BRDA:30,4,1,0
BRDA:58,5,0,0
BRDA:58,5,1,0
BRDA:60,6,0,0
BRDA:60,6,1,0
BRDA:61,7,0,0
BRDA:61,7,1,0
BRDA:74,8,0,0
BRDA:74,8,1,0
BRDA:90,9,0,0
BRDA:90,9,1,0
BRDA:92,10,0,0
BRDA:92,10,1,0
BRDA:93,11,0,0
BRDA:93,11,1,0
BRDA:110,12,0,0
BRDA:110,12,1,0
BRF:26
BRH:0
end_of_record
TN:
SF:src/redux/features/news/api/http.ts
FN:1,fetchFromAPI
FN:6,(anonymous_1)
FN:22,(anonymous_2)
FNF:3
FNH:0
FNDA:0,fetchFromAPI
FNDA:0,(anonymous_1)
FNDA:0,(anonymous_2)
DA:1,0
DA:5,0
DA:6,0
DA:7,0
DA:10,0
DA:11,0
DA:13,0
DA:14,0
DA:17,0
DA:20,0
DA:22,0
DA:23,0
DA:24,0
DA:26,0
LF:14
LH:0
BRDA:7,0,0,0
BRDA:13,1,0,0
BRDA:23,2,0,0
BRF:3
BRH:0
end_of_record
TN:
SF:src/redux/features/news/api/index.ts
FNF:0
FNH:0
DA:1,0
DA:2,0
DA:3,0
DA:4,0
LF:4
LH:0
BRF:0
BRH:0
end_of_record
TN:
SF:src/redux/features/news/api/mockData.ts
FN:3,getMockArticles
FNF:1
FNH:0
FNDA:0,getMockArticles
DA:3,0
DA:4,0
DA:65,0
LF:3
LH:0
BRDA:65,0,0,0
BRDA:65,0,1,0
BRF:2
BRH:0
end_of_record
TN:
SF:src/redux/store/hooks.ts
FN:4,(anonymous_0)
FNF:1
FNH:0
FNDA:0,(anonymous_0)
DA:1,0
DA:4,0
DA:5,0
LF:3
LH:0
BRF:0
BRH:0
end_of_record
TN:
SF:src/redux/store/store.ts
FNF:0
FNH:0
DA:1,0
DA:2,0
DA:4,0
LF:3
LH:0
BRF:0
BRH:0
end_of_record
TN:
SF:src/shared/components/Header.tsx
FN:12,Header
FN:14,(anonymous_1)
FN:19,(anonymous_2)
FN:36,(anonymous_3)
FN:37,(anonymous_4)
FNF:5
FNH:4
FNDA:4,Header
FNDA:0,(anonymous_1)
FNDA:4,(anonymous_2)
FNDA:5,(anonymous_3)
FNDA:1,(anonymous_4)
DA:1,1
DA:2,1
DA:3,1
DA:4,1
DA:5,1
DA:7,1
DA:8,1
DA:9,1
DA:10,1
DA:12,1
DA:13,4
DA:14,4
DA:15,4
DA:17,4
DA:19,4
DA:20,4
DA:22,4
DA:23,4
DA:28,4
DA:36,5
DA:37,1
DA:55,1
LF:22
LH:22
BRDA:22,0,0,4
BRDA:22,1,0,4
BRDA:22,1,1,2
BRF:3
BRH:3
end_of_record
TN:
SF:src/shared/components/index.ts
FN:1,(anonymous_0)
FNF:1
FNH:0
FNDA:0,(anonymous_0)
DA:1,0
LF:1
LH:0
BRF:0
BRH:0
end_of_record
TN:
SF:src/shared/hooks/index.ts
FN:1,(anonymous_0)
FNF:1
FNH:0
FNDA:0,(anonymous_0)
DA:1,0
LF:1
LH:0
BRF:0
BRH:0
end_of_record
TN:
SF:src/shared/hooks/useDebounce.ts
FN:3,useDebounce
FN:6,(anonymous_1)
FN:7,(anonymous_2)
FN:11,(anonymous_3)
FNF:4
FNH:4
FNDA:11,useDebounce
FNDA:8,(anonymous_1)
FNDA:3,(anonymous_2)
FNDA:8,(anonymous_3)
DA:1,1
DA:3,1
DA:4,11
DA:6,11
DA:7,8
DA:8,3
DA:11,8
DA:12,8
DA:16,11
LF:9
LH:9
BRF:0
BRH:0
end_of_record
TN:
SF:src/shared/ui/button/Button.tsx
FN:10,Button
FNF:1
FNH:1
FNDA:7,Button
DA:1,2
DA:2,2
DA:10,2
DA:17,7
LF:4
LH:4
BRDA:11,0,0,2
BRDA:12,1,0,2
BRF:2
BRH:2
end_of_record
TN:
SF:src/shared/ui/button/index.ts
FN:1,(anonymous_0)
FNF:1
FNH:0
FNDA:0,(anonymous_0)
DA:1,0
LF:1
LH:0
BRF:0
BRH:0
end_of_record
TN:
SF:src/shared/ui/logo/Logo.tsx
FN:3,(anonymous_0)
FNF:1
FNH:1
FNDA:3,(anonymous_0)
DA:1,1
DA:3,1
DA:4,3
LF:3
LH:3
BRF:0
BRH:0
end_of_record
TN:
SF:src/shared/ui/logo/index.ts
FN:1,(anonymous_0)
FNF:1
FNH:0
FNDA:0,(anonymous_0)
DA:1,0
LF:1
LH:0
BRF:0
BRH:0
end_of_record
TN:
SF:src/shared/ui/navItem/NavItem.tsx
FN:4,NavItem
FNF:1
FNH:1
FNDA:3,NavItem
DA:1,1
DA:2,1
DA:4,1
DA:12,3
DA:14,3
LF:5
LH:5
BRDA:10,0,0,3
BRDA:20,1,0,3
BRDA:20,1,1,0
BRDA:21,2,0,1
BRDA:21,2,1,2
BRF:5
BRH:4
end_of_record
TN:
SF:src/shared/ui/navItem/NavItems.tsx
FN:16,NavItems
FN:18,(anonymous_1)
FN:22,(anonymous_2)
FN:30,(anonymous_3)
FNF:4
FNH:0
FNDA:0,NavItems
FNDA:0,(anonymous_1)
FNDA:0,(anonymous_2)
FNDA:0,(anonymous_3)
DA:1,0
DA:2,0
DA:3,0
DA:5,0
DA:16,0
DA:17,0
DA:18,0
DA:20,0
DA:23,0
DA:31,0
DA:32,0
DA:33,0
LF:12
LH:0
BRDA:16,0,0,0
BRDA:32,1,0,0
BRF:2
BRH:0
end_of_record
TN:
SF:src/shared/ui/navItem/index.ts
FN:1,(anonymous_0)
FN:2,(anonymous_1)
FNF:2
FNH:0
FNDA:0,(anonymous_0)
FNDA:0,(anonymous_1)
DA:1,0
DA:2,0
LF:2
LH:0
BRF:0
BRH:0
end_of_record
TN:
SF:src/shared/ui/search/Search.tsx
FN:5,(anonymous_0)
FN:16,(anonymous_1)
FN:22,(anonymous_2)
FN:28,(anonymous_3)
FN:66,(anonymous_4)
FNF:5
FNH:5
FNDA:15,(anonymous_0)
FNDA:10,(anonymous_1)
FNDA:1,(anonymous_2)
FNDA:11,(anonymous_3)
FNDA:1,(anonymous_4)
DA:1,1
DA:2,1
DA:5,1
DA:13,15
DA:15,15
DA:17,10
DA:22,15
DA:23,1
DA:24,1
DA:27,15
DA:29,11
DA:34,15
DA:36,15
DA:66,1
LF:14
LH:14
BRDA:7,0,0,15
BRDA:10,1,0,15
BRDA:13,2,0,15
BRDA:13,2,1,1
BRDA:24,3,0,1
BRDA:29,4,0,1
BRDA:62,5,0,15
BRDA:62,5,1,11
BRF:8
BRH:8
end_of_record
TN:
SF:src/shared/ui/search/index.ts
FN:1,(anonymous_0)
FNF:1
FNH:0
FNDA:0,(anonymous_0)
DA:1,0
LF:1
LH:0
BRF:0
BRH:0
end_of_record
TN:
SF:src/shared/ui/select/Select.tsx
FN:9,Select
FNF:1
FNH:1
FNDA:10,Select
DA:1,2
DA:2,2
DA:3,2
DA:9,2
DA:10,10
LF:5
LH:5
BRDA:12,0,0,10
BRDA:12,0,1,2
BRF:2
BRH:2
end_of_record
TN:
SF:src/shared/ui/select/index.ts
FN:1,(anonymous_0)
FNF:1
FNH:0
FNDA:0,(anonymous_0)
DA:1,0
LF:1
LH:0
BRF:0
BRH:0
end_of_record
TN:
SF:src/widgets/news-feed/index.ts
FN:1,(anonymous_0)
FNF:1
FNH:0
FNDA:0,(anonymous_0)
DA:1,0
LF:1
LH:0
BRF:0
BRH:0
end_of_record
TN:
SF:src/widgets/news-feed/ui/NewsFeed.tsx
FN:9,NewsFeed
FN:20,(anonymous_1)
FN:22,(anonymous_2)
FN:47,(anonymous_3)
FN:61,(anonymous_4)
FN:86,(anonymous_5)
FNF:6
FNH:4
FNDA:4,NewsFeed
FNDA:0,(anonymous_1)
FNDA:4,(anonymous_2)
FNDA:0,(anonymous_3)
FNDA:8,(anonymous_4)
FNDA:2,(anonymous_5)
DA:1,1
DA:2,1
DA:3,1
DA:4,1
DA:9,1
DA:10,4
DA:20,4
DA:22,4
DA:23,4
DA:24,4
DA:28,4
DA:29,0
DA:35,0
DA:37,0
DA:38,0
DA:45,0
DA:48,0
DA:58,4
DA:59,1
DA:62,8
DA:68,3
DA:69,1
DA:76,2
DA:77,1
DA:84,1
DA:87,2
LF:26
LH:20
BRDA:23,0,0,4
BRDA:28,1,0,0
BRDA:37,2,0,0
BRDA:58,3,0,1
BRDA:68,4,0,1
BRDA:76,5,0,1
BRF:6
BRH:4
end_of_record
